{"logTime": "0105/172840", "correlationVector":"GxacPH9kggWVqxWINl918q.1","action":"SyncServerConnectionManagerRequest", "result":"SYNC_SERVER_OK", "context":{"environment":"Prod_EastUS2_000e", "server":"general0100002D"}}
{"logTime": "0105/172840", "correlationVector":"GxacPH9kggWVqxWINl918q","action":"Initial GetUpdates", "result":"", "context":Reason: NEW_CLIENT. cV=GxacPH9kggWVqxWINl918q}
{"logTime": "0105/172840", "correlationVector":"GxacPH9kggWVqxWINl918q.2","action":"GetUpdates Response", "result":"SYNCER_OK", "context":Received 1 update(s). cV=GxacPH9kggWVqxWINl918q.0;server=general0100002D;cloudType=Consumer;environment=Prod_EastUS2_000e}
{"logTime": "0105/172840", "correlationVector":"YE5u+N/834wYksHRSSW4uL","action":"SyncServerConnectionManagerRequest", "result":"SYNC_SERVER_OK", "context":{"environment":"", "server":""}}
{"logTime": "0105/172840", "correlationVector":"imETwOB1pBpo6guv9GDLMv","action":"Normal GetUpdate request", "result":"", "context":cV=imETwOB1pBpo6guv9GDLMv
Refresh requested types: Device Info, User Consents, Send Tab To Self, Encryption Keys}
{"logTime": "0105/172840", "correlationVector":"imETwOB1pBpo6guv9GDLMv.1","action":"SyncServerConnectionManagerRequest", "result":"SYNC_SERVER_OK", "context":{"environment":"Prod_EastUS2_000e", "server":"general0100002D"}}
{"logTime": "0105/172840", "correlationVector":"imETwOB1pBpo6guv9GDLMv.2","action":"GetUpdates Response", "result":"SYNCER_OK", "context":Received 2 update(s). cV=imETwOB1pBpo6guv9GDLMv.0;server=general0100002D;cloudType=Consumer;environment=Prod_EastUS2_000e}
{"logTime": "0105/172840", "correlationVector":"Ty/qh2gf0hfeZXJ5DQHD/v","action":"Normal GetUpdate request", "result":"", "context":cV=Ty/qh2gf0hfeZXJ5DQHD/v
Refresh requested types: Device Info, User Consents, Send Tab To Self, Encryption Keys}
{"logTime": "0105/172840", "correlationVector":"Ty/qh2gf0hfeZXJ5DQHD/v.1","action":"SyncServerConnectionManagerRequest", "result":"SYNC_SERVER_OK", "context":{"environment":"Prod_EastUS2_000e", "server":"general0100001S"}}
{"logTime": "0105/172840", "correlationVector":"Ty/qh2gf0hfeZXJ5DQHD/v.2","action":"GetUpdates Response", "result":"SYNCER_OK", "context":Received 0 update(s). cV=Ty/qh2gf0hfeZXJ5DQHD/v.0;server=general0100001S;cloudType=Consumer;environment=Prod_EastUS2_000e}
{"logTime": "0105/172843", "correlationVector":"LU2hnCcuUXZXjjKVmOORKu","action":"Normal GetUpdate request", "result":"", "context":cV=LU2hnCcuUXZXjjKVmOORKu
Notified types: Device Info}
{"logTime": "0105/172843", "correlationVector":"LU2hnCcuUXZXjjKVmOORKu.1","action":"SyncServerConnectionManagerRequest", "result":"SYNC_SERVER_OK", "context":{"environment":"Prod_EastUS2_000e", "server":"general01000019"}}
{"logTime": "0105/172843", "correlationVector":"LU2hnCcuUXZXjjKVmOORKu.2","action":"GetUpdates Response", "result":"SYNCER_OK", "context":Received 0 update(s). cV=LU2hnCcuUXZXjjKVmOORKu.0;server=general01000019;cloudType=Consumer;environment=Prod_EastUS2_000e}
{"logTime": "0105/173113", "correlationVector":"JLKfaGOUs58Fjq9orYRSRe","action":"Poll GetUpdate request", "result":"", "context":cV=JLKfaGOUs58Fjq9orYRSRe}
{"logTime": "0105/173114", "correlationVector":"JLKfaGOUs58Fjq9orYRSRe.1","action":"SyncServerConnectionManagerRequest", "result":"SYNC_SERVER_OK", "context":{"environment":"Prod_EastUS2_000e", "server":"general01000009"}}
{"logTime": "0105/173114", "correlationVector":"JLKfaGOUs58Fjq9orYRSRe.2","action":"GetUpdates Response", "result":"SYNCER_OK", "context":Received 0 update(s). cV=JLKfaGOUs58Fjq9orYRSRe.0;server=general01000009;cloudType=Consumer;environment=Prod_EastUS2_000e}
{"logTime": "0105/191323", "correlationVector":"2qRBCGoEGktSCO/1+NgNmU","action":"Commit Request", "result":"", "context":Item count: 1
Contributing types: Device Info}
{"logTime": "0105/191324", "correlationVector":"2qRBCGoEGktSCO/1+NgNmU.1","action":"SyncServerConnectionManagerRequest", "result":"SYNC_SERVER_OK", "context":{"environment":"Prod_EastUS2_000e", "server":"general01000022"}}
{"logTime": "0105/191324", "correlationVector":"2qRBCGoEGktSCO/1+NgNmU.2","action":"Commit Response", "result":"SYNCER_OK", "context":Result: SYNCER_OK. cV=2qRBCGoEGktSCO/1+NgNmU.0;server=general01000022;cloudType=Consumer;environment=Prod_EastUS2_000e}
{"logTime": "0105/214801", "correlationVector":"KmWXkfKt32/be1wx8B7gl1.0","action":"FeedSettingFetch_homeCloud", "result":"0", "context":{}}
{"logTime": "0105/214801", "correlationVector":"MUx6VkS/upAz9LVLsDBmHY.1","action":"SyncServerConnectionManagerRequest", "result":"SYNC_SERVER_OK", "context":{"environment":"Prod_EastUS2_000e", "server":"general0100000B"}}
{"logTime": "0105/214801", "correlationVector":"MUx6VkS/upAz9LVLsDBmHY","action":"Initial GetUpdates", "result":"", "context":Reason: NEW_CLIENT. cV=MUx6VkS/upAz9LVLsDBmHY}
{"logTime": "0105/214801", "correlationVector":"MUx6VkS/upAz9LVLsDBmHY.2","action":"GetUpdates Response", "result":"SYNCER_OK", "context":Received 1 update(s). cV=MUx6VkS/upAz9LVLsDBmHY.0;server=general0100000B;cloudType=Consumer;environment=Prod_EastUS2_000e}
{"logTime": "0105/214801", "correlationVector":"2zVmFg+g1lHHU/0B+8mzzu","action":"Normal GetUpdate request", "result":"", "context":cV=2zVmFg+g1lHHU/0B+8mzzu
Refresh requested types: Device Info, User Consents, Send Tab To Self, Encryption Keys}
{"logTime": "0105/214801", "correlationVector":"2zVmFg+g1lHHU/0B+8mzzu.1","action":"SyncServerConnectionManagerRequest", "result":"SYNC_SERVER_OK", "context":{"environment":"Prod_EastUS2_000e", "server":"general0100001Y"}}
{"logTime": "0105/214801", "correlationVector":"2zVmFg+g1lHHU/0B+8mzzu.2","action":"GetUpdates Response", "result":"SYNCER_OK", "context":Received 1 update(s). cV=2zVmFg+g1lHHU/0B+8mzzu.0;server=general0100001Y;cloudType=Consumer;environment=Prod_EastUS2_000e}
{"logTime": "0105/222308", "correlationVector":"+MAog1fl6J+BLWU6wDKxnQ.0","action":"FeedSettingFetch_homeCloud", "result":"0", "context":{}}
{"logTime": "0105/222308", "correlationVector":"oGKZ7jx9qtBMDNkRMfNO6c.1","action":"SyncServerConnectionManagerRequest", "result":"SYNC_SERVER_OK", "context":{"environment":"Prod_EastUS2_000e", "server":"general0100000B"}}
{"logTime": "0105/222308", "correlationVector":"oGKZ7jx9qtBMDNkRMfNO6c","action":"Initial GetUpdates", "result":"", "context":Reason: NEW_CLIENT. cV=oGKZ7jx9qtBMDNkRMfNO6c}
{"logTime": "0105/222308", "correlationVector":"oGKZ7jx9qtBMDNkRMfNO6c.2","action":"GetUpdates Response", "result":"SYNCER_OK", "context":Received 1 update(s). cV=oGKZ7jx9qtBMDNkRMfNO6c.0;server=general0100000B;cloudType=Consumer;environment=Prod_EastUS2_000e}
{"logTime": "0105/222308", "correlationVector":"2/Rz/9zVPUElCqtISFpMS8","action":"Normal GetUpdate request", "result":"", "context":cV=2/Rz/9zVPUElCqtISFpMS8
Refresh requested types: Device Info, User Consents, Send Tab To Self, Encryption Keys}
{"logTime": "0105/222308", "correlationVector":"2/Rz/9zVPUElCqtISFpMS8.1","action":"SyncServerConnectionManagerRequest", "result":"SYNC_SERVER_OK", "context":{"environment":"Prod_EastUS2_000e", "server":"general01000021"}}
{"logTime": "0105/222308", "correlationVector":"2/Rz/9zVPUElCqtISFpMS8.2","action":"GetUpdates Response", "result":"SYNCER_OK", "context":Received 0 update(s). cV=2/Rz/9zVPUElCqtISFpMS8.0;server=general01000021;cloudType=Consumer;environment=Prod_EastUS2_000e}
{"logTime": "0106/165204", "correlationVector":"vVenbNpnSGsicH+5JYatpM.0","action":"FeedSettingFetch_homeCloud", "result":"0", "context":{}}
{"logTime": "0106/165204", "correlationVector":"vVenbNpnSGsicH+5JYatpM.0","action":"SyncServerConnectionManagerRequest", "result":"SYNC_SERVER_OK", "context":{"environment":"", "server":""}}
{"logTime": "0106/165204", "correlationVector":"GzrgYdPpvw5U8994d2UHe2.1","action":"SyncServerConnectionManagerRequest", "result":"SYNC_SERVER_OK", "context":{"environment":"Prod_EastUS2_000e", "server":"general0100002M"}}
{"logTime": "0106/165204", "correlationVector":"GzrgYdPpvw5U8994d2UHe2","action":"Initial GetUpdates", "result":"", "context":Reason: NEW_CLIENT. cV=GzrgYdPpvw5U8994d2UHe2}
{"logTime": "0106/165204", "correlationVector":"GzrgYdPpvw5U8994d2UHe2.2","action":"GetUpdates Response", "result":"SYNCER_OK", "context":Received 1 update(s). cV=GzrgYdPpvw5U8994d2UHe2.0;server=general0100002M;cloudType=Consumer;environment=Prod_EastUS2_000e}
{"logTime": "0106/165204", "correlationVector":"5rk1fT5JuFz9qSZGog+ObJ","action":"Normal GetUpdate request", "result":"", "context":cV=5rk1fT5JuFz9qSZGog+ObJ
Refresh requested types: Device Info, User Consents, Send Tab To Self, Encryption Keys}
{"logTime": "0106/165204", "correlationVector":"5rk1fT5JuFz9qSZGog+ObJ.1","action":"SyncServerConnectionManagerRequest", "result":"SYNC_SERVER_OK", "context":{"environment":"Prod_EastUS2_000e", "server":"general0100000A"}}
{"logTime": "0106/165204", "correlationVector":"5rk1fT5JuFz9qSZGog+ObJ.2","action":"GetUpdates Response", "result":"SYNCER_OK", "context":Received 2 update(s). cV=5rk1fT5JuFz9qSZGog+ObJ.0;server=general0100000A;cloudType=Consumer;environment=Prod_EastUS2_000e}
{"logTime": "0106/165347", "correlationVector":"Q2VDKjOctaO1Xs6wfjZ8Bp","action":"Poll GetUpdate request", "result":"", "context":cV=Q2VDKjOctaO1Xs6wfjZ8Bp}
{"logTime": "0106/165347", "correlationVector":"Q2VDKjOctaO1Xs6wfjZ8Bp.1","action":"SyncServerConnectionManagerRequest", "result":"SYNC_SERVER_OK", "context":{"environment":"Prod_EastUS2_000e", "server":"general0100002D"}}
{"logTime": "0106/165347", "correlationVector":"Q2VDKjOctaO1Xs6wfjZ8Bp.2","action":"GetUpdates Response", "result":"SYNCER_OK", "context":Received 0 update(s). cV=Q2VDKjOctaO1Xs6wfjZ8Bp.0;server=general0100002D;cloudType=Consumer;environment=Prod_EastUS2_000e}
{"logTime": "0106/170048", "correlationVector":"ctZICmvo8TH/i7og2wL7+V","action":"Normal GetUpdate request", "result":"", "context":cV=ctZICmvo8TH/i7og2wL7+V
Notified types: Device Info}
{"logTime": "0106/170051", "correlationVector":"ctZICmvo8TH/i7og2wL7+V.1","action":"SyncServerConnectionManagerRequest", "result":"SYNC_SERVER_OK", "context":{"environment":"Prod_EastUS2_000e", "server":"general0100001H"}}
{"logTime": "0106/170051", "correlationVector":"ctZICmvo8TH/i7og2wL7+V.2","action":"GetUpdates Response", "result":"SYNCER_OK", "context":Received 1 update(s). cV=ctZICmvo8TH/i7og2wL7+V.0;server=general0100001H;cloudType=Consumer;environment=Prod_EastUS2_000e}
{"logTime": "0106/191323", "correlationVector":"+O7jHP+scIl5WhjNUxzJi0","action":"Commit Request", "result":"", "context":Item count: 1
Contributing types: Device Info}
{"logTime": "0106/191324", "correlationVector":"+O7jHP+scIl5WhjNUxzJi0.1","action":"SyncServerConnectionManagerRequest", "result":"SYNC_SERVER_OK", "context":{"environment":"Prod_EastUS2_000e", "server":"general0100001U"}}
{"logTime": "0106/191324", "correlationVector":"+O7jHP+scIl5WhjNUxzJi0.2","action":"Commit Response", "result":"SYNCER_OK", "context":Result: SYNCER_OK. cV=+O7jHP+scIl5WhjNUxzJi0.0;server=general0100001U;cloudType=Consumer;environment=Prod_EastUS2_000e}
{"logTime": "0106/210029", "correlationVector":"h7zF+nCCTZsNHhYUQGCfkY.0","action":"FeedSettingFetch_homeCloud", "result":"0", "context":{}}
{"logTime": "0106/210029", "correlationVector":"RjSJlukbovW/aMad5nvyev.1","action":"SyncServerConnectionManagerRequest", "result":"SYNC_SERVER_OK", "context":{"environment":"Prod_EastUS2_000e", "server":"general0100000E"}}
{"logTime": "0106/210029", "correlationVector":"RjSJlukbovW/aMad5nvyev","action":"Initial GetUpdates", "result":"", "context":Reason: NEW_CLIENT. cV=RjSJlukbovW/aMad5nvyev}
{"logTime": "0106/210029", "correlationVector":"RjSJlukbovW/aMad5nvyev.2","action":"GetUpdates Response", "result":"SYNCER_OK", "context":Received 1 update(s). cV=RjSJlukbovW/aMad5nvyev.0;server=general0100000E;cloudType=Consumer;environment=Prod_EastUS2_000e}
{"logTime": "0106/210029", "correlationVector":"cRpffJoKDNf/lv7uHT07EV","action":"SyncServerConnectionManagerRequest", "result":"SYNC_SERVER_OK", "context":{"environment":"", "server":""}}
{"logTime": "0106/210029", "correlationVector":"nUqai6xlzUoZz+olrwSFA8","action":"Normal GetUpdate request", "result":"", "context":cV=nUqai6xlzUoZz+olrwSFA8
Refresh requested types: Device Info, User Consents, Send Tab To Self, Encryption Keys}
{"logTime": "0106/210029", "correlationVector":"nUqai6xlzUoZz+olrwSFA8.1","action":"SyncServerConnectionManagerRequest", "result":"SYNC_SERVER_OK", "context":{"environment":"Prod_EastUS2_000e", "server":"general01000021"}}
{"logTime": "0106/210029", "correlationVector":"nUqai6xlzUoZz+olrwSFA8.2","action":"GetUpdates Response", "result":"SYNCER_OK", "context":Received 1 update(s). cV=nUqai6xlzUoZz+olrwSFA8.0;server=general01000021;cloudType=Consumer;environment=Prod_EastUS2_000e}
{"logTime": "0106/210029", "correlationVector":"gWrJ6Ur9gb1Uo56Izl4R7u","action":"Normal GetUpdate request", "result":"", "context":cV=gWrJ6Ur9gb1Uo56Izl4R7u
Refresh requested types: Device Info, User Consents, Send Tab To Self, Encryption Keys}
{"logTime": "0106/210029", "correlationVector":"gWrJ6Ur9gb1Uo56Izl4R7u.1","action":"SyncServerConnectionManagerRequest", "result":"SYNC_SERVER_OK", "context":{"environment":"Prod_EastUS2_000e", "server":"general0100001X"}}
{"logTime": "0106/210029", "correlationVector":"gWrJ6Ur9gb1Uo56Izl4R7u.2","action":"GetUpdates Response", "result":"SYNCER_OK", "context":Received 0 update(s). cV=gWrJ6Ur9gb1Uo56Izl4R7u.0;server=general0100001X;cloudType=Consumer;environment=Prod_EastUS2_000e}
{"logTime": "0106/225847", "correlationVector":"RHxGCaTf9fomwmTcQo060G.0","action":"FeedSettingFetch_homeCloud", "result":"0", "context":{}}
{"logTime": "0106/225847", "correlationVector":"+YLm3nRxf3EguuY8XrExKH.1","action":"SyncServerConnectionManagerRequest", "result":"SYNC_SERVER_OK", "context":{"environment":"Prod_EastUS2_000e", "server":"general01000000"}}
{"logTime": "0106/225847", "correlationVector":"+YLm3nRxf3EguuY8XrExKH","action":"Initial GetUpdates", "result":"", "context":Reason: NEW_CLIENT. cV=+YLm3nRxf3EguuY8XrExKH}
{"logTime": "0106/225847", "correlationVector":"+YLm3nRxf3EguuY8XrExKH.2","action":"GetUpdates Response", "result":"SYNCER_OK", "context":Received 1 update(s). cV=+YLm3nRxf3EguuY8XrExKH.0;server=general01000000;cloudType=Consumer;environment=Prod_EastUS2_000e}
{"logTime": "0106/225847", "correlationVector":"HOMBdiGW0YYkw5+1dHa7/t","action":"Normal GetUpdate request", "result":"", "context":cV=HOMBdiGW0YYkw5+1dHa7/t
Refresh requested types: Device Info, User Consents, Send Tab To Self, Encryption Keys}
{"logTime": "0106/225847", "correlationVector":"HOMBdiGW0YYkw5+1dHa7/t.1","action":"SyncServerConnectionManagerRequest", "result":"SYNC_SERVER_OK", "context":{"environment":"Prod_EastUS2_000e", "server":"general01000003"}}
{"logTime": "0106/225847", "correlationVector":"HOMBdiGW0YYkw5+1dHa7/t.2","action":"GetUpdates Response", "result":"SYNCER_OK", "context":Received 0 update(s). cV=HOMBdiGW0YYkw5+1dHa7/t.0;server=general01000003;cloudType=Consumer;environment=Prod_EastUS2_000e}
{"logTime": "0107/005347", "correlationVector":"QxH1QFza3cfbOeTsKDzVr4","action":"SyncServerConnectionManagerRequest", "result":"SYNC_SERVER_ERROR", "context":{"environment":"", "error_type":"http_status_code", "error_value":"400", "server":""}}
{"logTime": "0107/005347", "correlationVector":"HUxLtSwqRxOdwil4/ZGMuJ","action":"Poll GetUpdate request", "result":"", "context":cV=HUxLtSwqRxOdwil4/ZGMuJ}
{"logTime": "0107/005348", "correlationVector":"HUxLtSwqRxOdwil4/ZGMuJ.1","action":"SyncServerConnectionManagerRequest", "result":"SYNC_SERVER_OK", "context":{"environment":"Prod_EastUS2_000e", "server":"general0100001F"}}
{"logTime": "0107/005348", "correlationVector":"HUxLtSwqRxOdwil4/ZGMuJ.2","action":"GetUpdates Response", "result":"SYNCER_OK", "context":Received 2 update(s). cV=HUxLtSwqRxOdwil4/ZGMuJ.0;server=general0100001F;cloudType=Consumer;environment=Prod_EastUS2_000e}
{"logTime": "0107/014343", "correlationVector":"Qi264Sp2CcvE1BvZxGZ2LH.0","action":"FeedSettingFetch_homeCloud", "result":"0", "context":{}}
{"logTime": "0107/014343", "correlationVector":"1QpKe5VyN6ByjKEOF2Ao/S.1","action":"SyncServerConnectionManagerRequest", "result":"SYNC_SERVER_OK", "context":{"environment":"Prod_EastUS2_000e", "server":"general01000008"}}
{"logTime": "0107/014343", "correlationVector":"1QpKe5VyN6ByjKEOF2Ao/S","action":"Initial GetUpdates", "result":"", "context":Reason: NEW_CLIENT. cV=1QpKe5VyN6ByjKEOF2Ao/S}
{"logTime": "0107/014343", "correlationVector":"1QpKe5VyN6ByjKEOF2Ao/S.2","action":"GetUpdates Response", "result":"SYNCER_OK", "context":Received 1 update(s). cV=1QpKe5VyN6ByjKEOF2Ao/S.0;server=general01000008;cloudType=Consumer;environment=Prod_EastUS2_000e}
{"logTime": "0107/014343", "correlationVector":"1xuu0D9ppfXtf3WQBTLndZ","action":"Normal GetUpdate request", "result":"", "context":cV=1xuu0D9ppfXtf3WQBTLndZ
Refresh requested types: Device Info, User Consents, Send Tab To Self, Encryption Keys}
{"logTime": "0107/014343", "correlationVector":"1xuu0D9ppfXtf3WQBTLndZ.1","action":"SyncServerConnectionManagerRequest", "result":"SYNC_SERVER_OK", "context":{"environment":"Prod_EastUS2_000e", "server":"general01000027"}}
{"logTime": "0107/014343", "correlationVector":"1xuu0D9ppfXtf3WQBTLndZ.2","action":"GetUpdates Response", "result":"SYNCER_OK", "context":Received 0 update(s). cV=1xuu0D9ppfXtf3WQBTLndZ.0;server=general01000027;cloudType=Consumer;environment=Prod_EastUS2_000e}
{"logTime": "0107/180433", "correlationVector":"BIGi9XA/ZAw0tdad4n9wWN.0","action":"FeedSettingFetch_homeCloud", "result":"0", "context":{}}
{"logTime": "0107/180433", "correlationVector":"6Gl0Dpw329xTqkyZzkx4Oy.1","action":"SyncServerConnectionManagerRequest", "result":"SYNC_SERVER_OK", "context":{"environment":"Prod_EastUS2_000e", "server":"general0100000V"}}
{"logTime": "0107/180433", "correlationVector":"6Gl0Dpw329xTqkyZzkx4Oy","action":"Initial GetUpdates", "result":"", "context":Reason: NEW_CLIENT. cV=6Gl0Dpw329xTqkyZzkx4Oy}
{"logTime": "0107/180433", "correlationVector":"6Gl0Dpw329xTqkyZzkx4Oy.2","action":"GetUpdates Response", "result":"SYNCER_OK", "context":Received 1 update(s). cV=6Gl0Dpw329xTqkyZzkx4Oy.0;server=general0100000V;cloudType=Consumer;environment=Prod_EastUS2_000e}
{"logTime": "0107/180433", "correlationVector":"dtBat6bFSEmGbTLar6GchY","action":"Normal GetUpdate request", "result":"", "context":cV=dtBat6bFSEmGbTLar6GchY
Nudged types: Device Info
Refresh requested types: Device Info, User Consents, Send Tab To Self, Encryption Keys}
{"logTime": "0107/180433", "correlationVector":"dtBat6bFSEmGbTLar6GchY.1","action":"SyncServerConnectionManagerRequest", "result":"SYNC_SERVER_OK", "context":{"environment":"Prod_EastUS2_000e", "server":"general0100001L"}}
{"logTime": "0107/180433", "correlationVector":"dtBat6bFSEmGbTLar6GchY.2","action":"GetUpdates Response", "result":"SYNCER_OK", "context":Received 2 update(s). cV=dtBat6bFSEmGbTLar6GchY.0;server=general0100001L;cloudType=Consumer;environment=Prod_EastUS2_000e}
{"logTime": "0107/180433", "correlationVector":"PpOKhc9EWKVnpcX+9shC/+","action":"Commit Request", "result":"", "context":Item count: 1
Contributing types: Device Info}
{"logTime": "0107/180433", "correlationVector":"PpOKhc9EWKVnpcX+9shC/+.1","action":"SyncServerConnectionManagerRequest", "result":"SYNC_SERVER_OK", "context":{"environment":"Prod_EastUS2_000e", "server":"general01000028"}}
{"logTime": "0107/180433", "correlationVector":"PpOKhc9EWKVnpcX+9shC/+.2","action":"Commit Response", "result":"SYNCER_OK", "context":Result: SYNCER_OK. cV=PpOKhc9EWKVnpcX+9shC/+.0;server=general01000028;cloudType=Consumer;environment=Prod_EastUS2_000e}
{"logTime": "0107/180433", "correlationVector":"+Uuz76QQL6wxqCf7a44iOb","action":"SyncServerConnectionManagerRequest", "result":"SYNC_SERVER_OK", "context":{"environment":"", "server":""}}
{"logTime": "0107/180433", "correlationVector":"JK+uggargj+Ya41xCPsLkJ","action":"Normal GetUpdate request", "result":"", "context":cV=JK+uggargj+Ya41xCPsLkJ
Nudged types: Device Info}
{"logTime": "0107/180433", "correlationVector":"JK+uggargj+Ya41xCPsLkJ.1","action":"SyncServerConnectionManagerRequest", "result":"SYNC_SERVER_OK", "context":{"environment":"Prod_EastUS2_000e", "server":"general0100000K"}}
{"logTime": "0107/180433", "correlationVector":"JK+uggargj+Ya41xCPsLkJ.2","action":"GetUpdates Response", "result":"SYNCER_OK", "context":Received 1 update(s). cV=JK+uggargj+Ya41xCPsLkJ.0;server=general0100000K;cloudType=Consumer;environment=Prod_EastUS2_000e}
{"logTime": "0107/180433", "correlationVector":"Si9hj1+OoQ94942QkCVt1X","action":"Normal GetUpdate request", "result":"", "context":cV=Si9hj1+OoQ94942QkCVt1X
Refresh requested types: Device Info, User Consents, Send Tab To Self, Encryption Keys}
{"logTime": "0107/180433", "correlationVector":"Si9hj1+OoQ94942QkCVt1X.1","action":"SyncServerConnectionManagerRequest", "result":"SYNC_SERVER_OK", "context":{"environment":"Prod_EastUS2_000e", "server":"general0100001B"}}
{"logTime": "0107/180433", "correlationVector":"Si9hj1+OoQ94942QkCVt1X.2","action":"GetUpdates Response", "result":"SYNCER_OK", "context":Received 0 update(s). cV=Si9hj1+OoQ94942QkCVt1X.0;server=general0100001B;cloudType=Consumer;environment=Prod_EastUS2_000e}
{"logTime": "0107/180433", "correlationVector":"9/NVjShhLgvONaacmYcWew","action":"Poll GetUpdate request", "result":"", "context":cV=9/NVjShhLgvONaacmYcWew}
{"logTime": "0107/180433", "correlationVector":"9/NVjShhLgvONaacmYcWew.1","action":"SyncServerConnectionManagerRequest", "result":"SYNC_SERVER_OK", "context":{"environment":"Prod_EastUS2_000e", "server":"general0100001D"}}
{"logTime": "0107/180433", "correlationVector":"9/NVjShhLgvONaacmYcWew.2","action":"GetUpdates Response", "result":"SYNCER_OK", "context":Received 0 update(s). cV=9/NVjShhLgvONaacmYcWew.0;server=general0100001D;cloudType=Consumer;environment=Prod_EastUS2_000e}
{"logTime": "0108/175044", "correlationVector":"OI0kTS8mQFnrOpKg0L9HbK.0","action":"FeedSettingFetch_homeCloud", "result":"0", "context":{}}
{"logTime": "0108/175045", "correlationVector":"OI0kTS8mQFnrOpKg0L9HbK.0","action":"SyncServerConnectionManagerRequest", "result":"SYNC_SERVER_OK", "context":{"environment":"", "server":""}}
{"logTime": "0108/175045", "correlationVector":"uCfnV+6CGpxmaeA7It7Ovl.1","action":"SyncServerConnectionManagerRequest", "result":"SYNC_SERVER_OK", "context":{"environment":"Prod_EastUS2_000e", "server":"general01000024"}}
{"logTime": "0108/175045", "correlationVector":"uCfnV+6CGpxmaeA7It7Ovl","action":"Initial GetUpdates", "result":"", "context":Reason: NEW_CLIENT. cV=uCfnV+6CGpxmaeA7It7Ovl}
{"logTime": "0108/175045", "correlationVector":"uCfnV+6CGpxmaeA7It7Ovl.2","action":"GetUpdates Response", "result":"SYNCER_OK", "context":Received 1 update(s). cV=uCfnV+6CGpxmaeA7It7Ovl.0;server=general01000024;cloudType=Consumer;environment=Prod_EastUS2_000e}
{"logTime": "0108/175045", "correlationVector":"WshHunqyXgoyFcakt257BH","action":"Normal GetUpdate request", "result":"", "context":cV=WshHunqyXgoyFcakt257BH
Refresh requested types: Device Info, User Consents, Send Tab To Self, Encryption Keys}
{"logTime": "0108/175045", "correlationVector":"WshHunqyXgoyFcakt257BH.1","action":"SyncServerConnectionManagerRequest", "result":"SYNC_SERVER_OK", "context":{"environment":"Prod_EastUS2_000e", "server":"general0100000K"}}
{"logTime": "0108/175045", "correlationVector":"WshHunqyXgoyFcakt257BH.2","action":"GetUpdates Response", "result":"SYNCER_OK", "context":Received 1 update(s). cV=WshHunqyXgoyFcakt257BH.0;server=general0100000K;cloudType=Consumer;environment=Prod_EastUS2_000e}
{"logTime": "0108/175059", "correlationVector":"gI8UX8Kt9g+vR/E3+p2/Js","action":"Poll GetUpdate request", "result":"", "context":cV=gI8UX8Kt9g+vR/E3+p2/Js}
{"logTime": "0108/175059", "correlationVector":"gI8UX8Kt9g+vR/E3+p2/Js.1","action":"SyncServerConnectionManagerRequest", "result":"SYNC_SERVER_OK", "context":{"environment":"Prod_EastUS2_000e", "server":"general01000024"}}
{"logTime": "0108/175100", "correlationVector":"gI8UX8Kt9g+vR/E3+p2/Js.2","action":"GetUpdates Response", "result":"SYNCER_OK", "context":Received 0 update(s). cV=gI8UX8Kt9g+vR/E3+p2/Js.0;server=general01000024;cloudType=Consumer;environment=Prod_EastUS2_000e}
{"logTime": "0108/180330", "correlationVector":"obeyGkECaykG3cBdqjgAO3","action":"Normal GetUpdate request", "result":"", "context":cV=obeyGkECaykG3cBdqjgAO3
Nudged types: Device Info}
{"logTime": "0108/180331", "correlationVector":"obeyGkECaykG3cBdqjgAO3.1","action":"SyncServerConnectionManagerRequest", "result":"SYNC_SERVER_OK", "context":{"environment":"Prod_EastUS2_000e", "server":"general0100001G"}}
{"logTime": "0108/180331", "correlationVector":"obeyGkECaykG3cBdqjgAO3.2","action":"GetUpdates Response", "result":"SYNCER_OK", "context":Received 0 update(s). cV=obeyGkECaykG3cBdqjgAO3.0;server=general0100001G;cloudType=Consumer;environment=Prod_EastUS2_000e}
{"logTime": "0108/180331", "correlationVector":"EHOX7sVZHk2U1/jNUaBkoK","action":"Commit Request", "result":"", "context":Item count: 1
Contributing types: Device Info}
{"logTime": "0108/180332", "correlationVector":"EHOX7sVZHk2U1/jNUaBkoK.1","action":"SyncServerConnectionManagerRequest", "result":"SYNC_SERVER_OK", "context":{"environment":"Prod_EastUS2_000e", "server":"general0100001E"}}
{"logTime": "0108/180332", "correlationVector":"EHOX7sVZHk2U1/jNUaBkoK.2","action":"Commit Response", "result":"SYNCER_OK", "context":Result: SYNCER_OK. cV=EHOX7sVZHk2U1/jNUaBkoK.0;server=general0100001E;cloudType=Consumer;environment=Prod_EastUS2_000e}
{"logTime": "0109/001654", "correlationVector":"Y77C3XyuB2FhOF1+nczaQB.0","action":"FeedSettingFetch_homeCloud", "result":"0", "context":{}}
{"logTime": "0109/001654", "correlationVector":"ikTSZY0JH5gVLDdTUNMA9h.1","action":"SyncServerConnectionManagerRequest", "result":"SYNC_SERVER_OK", "context":{"environment":"Prod_EastUS2_000e", "server":"general0100000P"}}
{"logTime": "0109/001654", "correlationVector":"ikTSZY0JH5gVLDdTUNMA9h","action":"Initial GetUpdates", "result":"", "context":Reason: NEW_CLIENT. cV=ikTSZY0JH5gVLDdTUNMA9h}
{"logTime": "0109/001655", "correlationVector":"ikTSZY0JH5gVLDdTUNMA9h.2","action":"GetUpdates Response", "result":"SYNCER_OK", "context":Received 1 update(s). cV=ikTSZY0JH5gVLDdTUNMA9h.0;server=general0100000P;cloudType=Consumer;environment=Prod_EastUS2_000e}
{"logTime": "0109/001655", "correlationVector":"+/t0DHCeKB1VUjjtXk7utQ","action":"Normal GetUpdate request", "result":"", "context":cV=+/t0DHCeKB1VUjjtXk7utQ
Refresh requested types: Device Info, User Consents, Send Tab To Self, Encryption Keys}
{"logTime": "0109/001655", "correlationVector":"+/t0DHCeKB1VUjjtXk7utQ.1","action":"SyncServerConnectionManagerRequest", "result":"SYNC_SERVER_OK", "context":{"environment":"Prod_EastUS2_000e", "server":"general0100001I"}}
{"logTime": "0109/001655", "correlationVector":"+/t0DHCeKB1VUjjtXk7utQ.2","action":"GetUpdates Response", "result":"SYNCER_OK", "context":Received 1 update(s). cV=+/t0DHCeKB1VUjjtXk7utQ.0;server=general0100001I;cloudType=Consumer;environment=Prod_EastUS2_000e}
{"logTime": "0109/002334", "correlationVector":"VBjOvrZ7ERilufxxwyQXJz.0","action":"FeedSettingFetch_homeCloud", "result":"0", "context":{}}
{"logTime": "0109/002334", "correlationVector":"K4YYS7dJma8Sw9lKqCvNLv.1","action":"SyncServerConnectionManagerRequest", "result":"SYNC_SERVER_OK", "context":{"environment":"Prod_EastUS2_000e", "server":"general0100001N"}}
{"logTime": "0109/002334", "correlationVector":"K4YYS7dJma8Sw9lKqCvNLv","action":"Initial GetUpdates", "result":"", "context":Reason: NEW_CLIENT. cV=K4YYS7dJma8Sw9lKqCvNLv}
{"logTime": "0109/002334", "correlationVector":"K4YYS7dJma8Sw9lKqCvNLv.2","action":"GetUpdates Response", "result":"SYNCER_OK", "context":Received 1 update(s). cV=K4YYS7dJma8Sw9lKqCvNLv.0;server=general0100001N;cloudType=Consumer;environment=Prod_EastUS2_000e}
{"logTime": "0109/002334", "correlationVector":"ompxAowcywUp0eVp2/I/IQ","action":"Normal GetUpdate request", "result":"", "context":cV=ompxAowcywUp0eVp2/I/IQ
Refresh requested types: Device Info, User Consents, Send Tab To Self, Encryption Keys}
{"logTime": "0109/002334", "correlationVector":"ompxAowcywUp0eVp2/I/IQ.1","action":"SyncServerConnectionManagerRequest", "result":"SYNC_SERVER_OK", "context":{"environment":"Prod_EastUS2_000e", "server":"general01000023"}}
{"logTime": "0109/002334", "correlationVector":"ompxAowcywUp0eVp2/I/IQ.2","action":"GetUpdates Response", "result":"SYNCER_OK", "context":Received 0 update(s). cV=ompxAowcywUp0eVp2/I/IQ.0;server=general01000023;cloudType=Consumer;environment=Prod_EastUS2_000e}
{"logTime": "0109/172558", "correlationVector":"PjBQ9ninJzLd82/C5bJNju.0","action":"FeedSettingFetch_homeCloud", "result":"0", "context":{}}
{"logTime": "0109/172558", "correlationVector":"PjBQ9ninJzLd82/C5bJNju.0","action":"SyncServerConnectionManagerRequest", "result":"SYNC_SERVER_OK", "context":{"environment":"", "server":""}}
{"logTime": "0109/172558", "correlationVector":"WLotJeoNVjfguuUH5efnR1.1","action":"SyncServerConnectionManagerRequest", "result":"SYNC_SERVER_OK", "context":{"environment":"Prod_EastUS2_000e", "server":"general0100000A"}}
{"logTime": "0109/172558", "correlationVector":"WLotJeoNVjfguuUH5efnR1","action":"Initial GetUpdates", "result":"", "context":Reason: NEW_CLIENT. cV=WLotJeoNVjfguuUH5efnR1}
{"logTime": "0109/172558", "correlationVector":"WLotJeoNVjfguuUH5efnR1.2","action":"GetUpdates Response", "result":"SYNCER_OK", "context":Received 1 update(s). cV=WLotJeoNVjfguuUH5efnR1.0;server=general0100000A;cloudType=Consumer;environment=Prod_EastUS2_000e}
{"logTime": "0109/172558", "correlationVector":"Wj2tNgPx064Yly7ilYSgDZ","action":"Normal GetUpdate request", "result":"", "context":cV=Wj2tNgPx064Yly7ilYSgDZ
Refresh requested types: Device Info, User Consents, Send Tab To Self, Encryption Keys}
{"logTime": "0109/172558", "correlationVector":"Wj2tNgPx064Yly7ilYSgDZ.1","action":"SyncServerConnectionManagerRequest", "result":"SYNC_SERVER_OK", "context":{"environment":"Prod_EastUS2_000e", "server":"general01000017"}}
{"logTime": "0109/172558", "correlationVector":"Wj2tNgPx064Yly7ilYSgDZ.2","action":"GetUpdates Response", "result":"SYNCER_OK", "context":Received 2 update(s). cV=Wj2tNgPx064Yly7ilYSgDZ.0;server=general01000017;cloudType=Consumer;environment=Prod_EastUS2_000e}
{"logTime": "0109/172558", "correlationVector":"ttLdpyONk+cGx0UaSZ/BuU","action":"Poll GetUpdate request", "result":"", "context":cV=ttLdpyONk+cGx0UaSZ/BuU}
{"logTime": "0109/172558", "correlationVector":"ttLdpyONk+cGx0UaSZ/BuU.1","action":"SyncServerConnectionManagerRequest", "result":"SYNC_SERVER_OK", "context":{"environment":"Prod_EastUS2_000e", "server":"general01000014"}}
{"logTime": "0109/172558", "correlationVector":"ttLdpyONk+cGx0UaSZ/BuU.2","action":"GetUpdates Response", "result":"SYNCER_OK", "context":Received 0 update(s). cV=ttLdpyONk+cGx0UaSZ/BuU.0;server=general01000014;cloudType=Consumer;environment=Prod_EastUS2_000e}
{"logTime": "0109/174659", "correlationVector":"dDtrCFJ8C4MtHy5zw5tZxf.0","action":"FeedSettingFetch_homeCloud", "result":"0", "context":{}}
{"logTime": "0109/174659", "correlationVector":"RiN0jy+JCDQ+UyBc5/F4D5.1","action":"SyncServerConnectionManagerRequest", "result":"SYNC_SERVER_OK", "context":{"environment":"Prod_EastUS2_000e", "server":"general0100001W"}}
{"logTime": "0109/174659", "correlationVector":"RiN0jy+JCDQ+UyBc5/F4D5","action":"Initial GetUpdates", "result":"", "context":Reason: NEW_CLIENT. cV=RiN0jy+JCDQ+UyBc5/F4D5}
{"logTime": "0109/174659", "correlationVector":"RiN0jy+JCDQ+UyBc5/F4D5.2","action":"GetUpdates Response", "result":"SYNCER_OK", "context":Received 1 update(s). cV=RiN0jy+JCDQ+UyBc5/F4D5.0;server=general0100001W;cloudType=Consumer;environment=Prod_EastUS2_000e}
{"logTime": "0109/174659", "correlationVector":"e2xNaxJ12UwxLvxAIFfre2","action":"SyncServerConnectionManagerRequest", "result":"SYNC_SERVER_OK", "context":{"environment":"", "server":""}}
{"logTime": "0109/174659", "correlationVector":"w18EZrVr4d20iepzzHOz7P","action":"Normal GetUpdate request", "result":"", "context":cV=w18EZrVr4d20iepzzHOz7P
Refresh requested types: Device Info, User Consents, Send Tab To Self, Encryption Keys}
{"logTime": "0109/174659", "correlationVector":"w18EZrVr4d20iepzzHOz7P.1","action":"SyncServerConnectionManagerRequest", "result":"SYNC_SERVER_OK", "context":{"environment":"Prod_EastUS2_000e", "server":"general0100000C"}}
{"logTime": "0109/174659", "correlationVector":"w18EZrVr4d20iepzzHOz7P.2","action":"GetUpdates Response", "result":"SYNCER_OK", "context":Received 0 update(s). cV=w18EZrVr4d20iepzzHOz7P.0;server=general0100000C;cloudType=Consumer;environment=Prod_EastUS2_000e}
{"logTime": "0109/174659", "correlationVector":"9kWEdy1vTU80+hmUF8mRrn","action":"Normal GetUpdate request", "result":"", "context":cV=9kWEdy1vTU80+hmUF8mRrn
Refresh requested types: Device Info, User Consents, Send Tab To Self, Encryption Keys}
{"logTime": "0109/174659", "correlationVector":"9kWEdy1vTU80+hmUF8mRrn.1","action":"SyncServerConnectionManagerRequest", "result":"SYNC_SERVER_OK", "context":{"environment":"Prod_EastUS2_000e", "server":"general0100000A"}}
{"logTime": "0109/174659", "correlationVector":"9kWEdy1vTU80+hmUF8mRrn.2","action":"GetUpdates Response", "result":"SYNCER_OK", "context":Received 2 update(s). cV=9kWEdy1vTU80+hmUF8mRrn.0;server=general0100000A;cloudType=Consumer;environment=Prod_EastUS2_000e}
{"logTime": "0109/175245", "correlationVector":"l4CHm105dxjGv2HFEE7x9V.0","action":"FeedSettingFetch_homeCloud", "result":"0", "context":{}}
{"logTime": "0109/175245", "correlationVector":"Yu3aYaZzRoOx+gHNoALUor.1","action":"SyncServerConnectionManagerRequest", "result":"SYNC_SERVER_OK", "context":{"environment":"Prod_EastUS2_000e", "server":"general0100000W"}}
{"logTime": "0109/175245", "correlationVector":"Yu3aYaZzRoOx+gHNoALUor","action":"Initial GetUpdates", "result":"", "context":Reason: NEW_CLIENT. cV=Yu3aYaZzRoOx+gHNoALUor}
{"logTime": "0109/175245", "correlationVector":"Yu3aYaZzRoOx+gHNoALUor.2","action":"GetUpdates Response", "result":"SYNCER_OK", "context":Received 1 update(s). cV=Yu3aYaZzRoOx+gHNoALUor.0;server=general0100000W;cloudType=Consumer;environment=Prod_EastUS2_000e}
{"logTime": "0109/175245", "correlationVector":"jT5rNwvn2wVpPai3mDhdKf","action":"Normal GetUpdate request", "result":"", "context":cV=jT5rNwvn2wVpPai3mDhdKf
Refresh requested types: Device Info, User Consents, Send Tab To Self, Encryption Keys}
{"logTime": "0109/175245", "correlationVector":"jT5rNwvn2wVpPai3mDhdKf.1","action":"SyncServerConnectionManagerRequest", "result":"SYNC_SERVER_OK", "context":{"environment":"Prod_EastUS2_000e", "server":"general01000012"}}
{"logTime": "0109/175245", "correlationVector":"jT5rNwvn2wVpPai3mDhdKf.2","action":"GetUpdates Response", "result":"SYNCER_OK", "context":Received 0 update(s). cV=jT5rNwvn2wVpPai3mDhdKf.0;server=general01000012;cloudType=Consumer;environment=Prod_EastUS2_000e}
{"logTime": "0109/180028", "correlationVector":"fgKzdFa+TVp0JpomJI3jk+.0","action":"FeedSettingFetch_homeCloud", "result":"0", "context":{}}
{"logTime": "0109/180028", "correlationVector":"kXGsL7069KpL45o16q6DJt.1","action":"SyncServerConnectionManagerRequest", "result":"SYNC_SERVER_OK", "context":{"environment":"Prod_EastUS2_000e", "server":"general01000000"}}
{"logTime": "0109/180028", "correlationVector":"kXGsL7069KpL45o16q6DJt","action":"Initial GetUpdates", "result":"", "context":Reason: NEW_CLIENT. cV=kXGsL7069KpL45o16q6DJt}
{"logTime": "0109/180028", "correlationVector":"kXGsL7069KpL45o16q6DJt.2","action":"GetUpdates Response", "result":"SYNCER_OK", "context":Received 1 update(s). cV=kXGsL7069KpL45o16q6DJt.0;server=general01000000;cloudType=Consumer;environment=Prod_EastUS2_000e}
{"logTime": "0109/180028", "correlationVector":"PBt5fQCSa2mY9AbhzMLPfP","action":"Normal GetUpdate request", "result":"", "context":cV=PBt5fQCSa2mY9AbhzMLPfP
Refresh requested types: Device Info, User Consents, Send Tab To Self, Encryption Keys}
{"logTime": "0109/180028", "correlationVector":"PBt5fQCSa2mY9AbhzMLPfP.1","action":"SyncServerConnectionManagerRequest", "result":"SYNC_SERVER_OK", "context":{"environment":"Prod_EastUS2_000e", "server":"general01000007"}}
{"logTime": "0109/180028", "correlationVector":"PBt5fQCSa2mY9AbhzMLPfP.2","action":"GetUpdates Response", "result":"SYNCER_OK", "context":Received 2 update(s). cV=PBt5fQCSa2mY9AbhzMLPfP.0;server=general01000007;cloudType=Consumer;environment=Prod_EastUS2_000e}
{"logTime": "0109/180330", "correlationVector":"YlZPic2mo/N/hEWk1i8fp/","action":"SyncServerConnectionManagerRequest", "result":"SYNC_SERVER_OK", "context":{"environment":"", "server":""}}
{"logTime": "0109/180330", "correlationVector":"co24ORRT0QZWAwX8j4Al4r","action":"Normal GetUpdate request", "result":"", "context":cV=co24ORRT0QZWAwX8j4Al4r
Nudged types: Device Info}
{"logTime": "0109/180331", "correlationVector":"co24ORRT0QZWAwX8j4Al4r.1","action":"SyncServerConnectionManagerRequest", "result":"SYNC_SERVER_OK", "context":{"environment":"Prod_EastUS2_000e", "server":"general0100002K"}}
{"logTime": "0109/180331", "correlationVector":"co24ORRT0QZWAwX8j4Al4r.2","action":"GetUpdates Response", "result":"SYNCER_OK", "context":Received 0 update(s). cV=co24ORRT0QZWAwX8j4Al4r.0;server=general0100002K;cloudType=Consumer;environment=Prod_EastUS2_000e}
{"logTime": "0109/180331", "correlationVector":"yo9frjqfoU8aG5TsCJJU+i","action":"Commit Request", "result":"", "context":Item count: 1
Contributing types: Device Info}
{"logTime": "0109/180332", "correlationVector":"yo9frjqfoU8aG5TsCJJU+i.1","action":"SyncServerConnectionManagerRequest", "result":"SYNC_SERVER_OK", "context":{"environment":"Prod_EastUS2_000e", "server":"general0100000L"}}
{"logTime": "0109/180332", "correlationVector":"yo9frjqfoU8aG5TsCJJU+i.2","action":"Commit Response", "result":"SYNCER_OK", "context":Result: SYNCER_OK. cV=yo9frjqfoU8aG5TsCJJU+i.0;server=general0100000L;cloudType=Consumer;environment=Prod_EastUS2_000e}
{"logTime": "0109/180332", "correlationVector":"8samro1Nep95rNYqFC1ABc","action":"Normal GetUpdate request", "result":"", "context":cV=8samro1Nep95rNYqFC1ABc
Nudged types: Device Info
Refresh requested types: Device Info, User Consents, Send Tab To Self, Encryption Keys}
{"logTime": "0109/180332", "correlationVector":"8samro1Nep95rNYqFC1ABc.1","action":"SyncServerConnectionManagerRequest", "result":"SYNC_SERVER_OK", "context":{"environment":"Prod_EastUS2_000e", "server":"general0100002F"}}
{"logTime": "0109/180332", "correlationVector":"8samro1Nep95rNYqFC1ABc.2","action":"GetUpdates Response", "result":"SYNCER_OK", "context":Received 1 update(s). cV=8samro1Nep95rNYqFC1ABc.0;server=general0100002F;cloudType=Consumer;environment=Prod_EastUS2_000e}
{"logTime": "0109/181930", "correlationVector":"V62kmP34SYeR7tVe8UfCmX.0","action":"FeedSettingFetch_homeCloud", "result":"0", "context":{}}
{"logTime": "0109/181930", "correlationVector":"lrLCaQy7yD/Nn1K6DVMXqH.1","action":"SyncServerConnectionManagerRequest", "result":"SYNC_SERVER_OK", "context":{"environment":"Prod_EastUS2_000e", "server":"general01000000"}}
{"logTime": "0109/181930", "correlationVector":"lrLCaQy7yD/Nn1K6DVMXqH","action":"Initial GetUpdates", "result":"", "context":Reason: NEW_CLIENT. cV=lrLCaQy7yD/Nn1K6DVMXqH}
{"logTime": "0109/181930", "correlationVector":"lrLCaQy7yD/Nn1K6DVMXqH.2","action":"GetUpdates Response", "result":"SYNCER_OK", "context":Received 1 update(s). cV=lrLCaQy7yD/Nn1K6DVMXqH.0;server=general01000000;cloudType=Consumer;environment=Prod_EastUS2_000e}
{"logTime": "0109/181930", "correlationVector":"znTborjr9/GiNVWfLrjIDh","action":"Normal GetUpdate request", "result":"", "context":cV=znTborjr9/GiNVWfLrjIDh
Refresh requested types: Device Info, User Consents, Send Tab To Self, Encryption Keys}
{"logTime": "0109/181930", "correlationVector":"znTborjr9/GiNVWfLrjIDh.1","action":"SyncServerConnectionManagerRequest", "result":"SYNC_SERVER_OK", "context":{"environment":"Prod_EastUS2_000e", "server":"general0100001B"}}
{"logTime": "0109/181930", "correlationVector":"znTborjr9/GiNVWfLrjIDh.2","action":"GetUpdates Response", "result":"SYNCER_OK", "context":Received 0 update(s). cV=znTborjr9/GiNVWfLrjIDh.0;server=general0100001B;cloudType=Consumer;environment=Prod_EastUS2_000e}
{"logTime": "0109/185456", "correlationVector":"+mpHHoqQlvnFn++N58PoRb.0","action":"FeedSettingFetch_homeCloud", "result":"0", "context":{}}
{"logTime": "0109/185456", "correlationVector":"vOzwz8QnrJqxVCt0m1Gq4Z.1","action":"SyncServerConnectionManagerRequest", "result":"SYNC_SERVER_OK", "context":{"environment":"Prod_EastUS2_000e", "server":"general0100000J"}}
{"logTime": "0109/185456", "correlationVector":"vOzwz8QnrJqxVCt0m1Gq4Z","action":"Initial GetUpdates", "result":"", "context":Reason: NEW_CLIENT. cV=vOzwz8QnrJqxVCt0m1Gq4Z}
{"logTime": "0109/185456", "correlationVector":"vOzwz8QnrJqxVCt0m1Gq4Z.2","action":"GetUpdates Response", "result":"SYNCER_OK", "context":Received 1 update(s). cV=vOzwz8QnrJqxVCt0m1Gq4Z.0;server=general0100000J;cloudType=Consumer;environment=Prod_EastUS2_000e}
{"logTime": "0109/185456", "correlationVector":"s22Qsi3Bu7Eh7/cw+QTAPS","action":"SyncServerConnectionManagerRequest", "result":"SYNC_SERVER_OK", "context":{"environment":"", "server":""}}
{"logTime": "0109/185456", "correlationVector":"xbkt5I4JpEdT38JJTFtpn7","action":"Normal GetUpdate request", "result":"", "context":cV=xbkt5I4JpEdT38JJTFtpn7
Refresh requested types: Device Info, User Consents, Send Tab To Self, Encryption Keys}
{"logTime": "0109/185456", "correlationVector":"xbkt5I4JpEdT38JJTFtpn7.1","action":"SyncServerConnectionManagerRequest", "result":"SYNC_SERVER_OK", "context":{"environment":"Prod_EastUS2_000e", "server":"general0100001B"}}
{"logTime": "0109/185456", "correlationVector":"xbkt5I4JpEdT38JJTFtpn7.2","action":"GetUpdates Response", "result":"SYNCER_OK", "context":Received 2 update(s). cV=xbkt5I4JpEdT38JJTFtpn7.0;server=general0100001B;cloudType=Consumer;environment=Prod_EastUS2_000e}
{"logTime": "0109/185456", "correlationVector":"S3XymHpCTpNV5ecnFtt01Y","action":"Normal GetUpdate request", "result":"", "context":cV=S3XymHpCTpNV5ecnFtt01Y
Refresh requested types: Device Info, User Consents, Send Tab To Self, Encryption Keys}
{"logTime": "0109/185456", "correlationVector":"S3XymHpCTpNV5ecnFtt01Y.1","action":"SyncServerConnectionManagerRequest", "result":"SYNC_SERVER_OK", "context":{"environment":"Prod_EastUS2_000e", "server":"general0100000W"}}
{"logTime": "0109/185456", "correlationVector":"S3XymHpCTpNV5ecnFtt01Y.2","action":"GetUpdates Response", "result":"SYNCER_OK", "context":Received 0 update(s). cV=S3XymHpCTpNV5ecnFtt01Y.0;server=general0100000W;cloudType=Consumer;environment=Prod_EastUS2_000e}
{"logTime": "0109/194041", "correlationVector":"SwBTcjOk+a2Cs05DyAqOsS.0","action":"FeedSettingFetch_homeCloud", "result":"0", "context":{}}
{"logTime": "0109/194041", "correlationVector":"qLVc9yzcQiTvU+XBstP2CD.1","action":"SyncServerConnectionManagerRequest", "result":"SYNC_SERVER_OK", "context":{"environment":"Prod_EastUS2_000e", "server":"general0100000Y"}}
{"logTime": "0109/194041", "correlationVector":"qLVc9yzcQiTvU+XBstP2CD","action":"Initial GetUpdates", "result":"", "context":Reason: NEW_CLIENT. cV=qLVc9yzcQiTvU+XBstP2CD}
{"logTime": "0109/194041", "correlationVector":"qLVc9yzcQiTvU+XBstP2CD.2","action":"GetUpdates Response", "result":"SYNCER_OK", "context":Received 1 update(s). cV=qLVc9yzcQiTvU+XBstP2CD.0;server=general0100000Y;cloudType=Consumer;environment=Prod_EastUS2_000e}
{"logTime": "0109/194041", "correlationVector":"N55WcbNMolVJHpKIZTwHKb","action":"SyncServerConnectionManagerRequest", "result":"SYNC_SERVER_OK", "context":{"environment":"", "server":""}}
{"logTime": "0109/194041", "correlationVector":"m0za1kCqs4/6vJ9JmNj10l","action":"Normal GetUpdate request", "result":"", "context":cV=m0za1kCqs4/6vJ9JmNj10l
Refresh requested types: Device Info, User Consents, Send Tab To Self, Encryption Keys}
{"logTime": "0109/194041", "correlationVector":"m0za1kCqs4/6vJ9JmNj10l.1","action":"SyncServerConnectionManagerRequest", "result":"SYNC_SERVER_OK", "context":{"environment":"Prod_EastUS2_000e", "server":"general01000021"}}
{"logTime": "0109/194041", "correlationVector":"m0za1kCqs4/6vJ9JmNj10l.2","action":"GetUpdates Response", "result":"SYNCER_OK", "context":Received 0 update(s). cV=m0za1kCqs4/6vJ9JmNj10l.0;server=general01000021;cloudType=Consumer;environment=Prod_EastUS2_000e}
{"logTime": "0109/194041", "correlationVector":"ahgBPU8Oo5kB8d6HukRdtT","action":"Normal GetUpdate request", "result":"", "context":cV=ahgBPU8Oo5kB8d6HukRdtT
Refresh requested types: Device Info, User Consents, Send Tab To Self, Encryption Keys}
{"logTime": "0109/194041", "correlationVector":"ahgBPU8Oo5kB8d6HukRdtT.1","action":"SyncServerConnectionManagerRequest", "result":"SYNC_SERVER_OK", "context":{"environment":"Prod_EastUS2_000e", "server":"general0100002K"}}
{"logTime": "0109/194041", "correlationVector":"ahgBPU8Oo5kB8d6HukRdtT.2","action":"GetUpdates Response", "result":"SYNCER_OK", "context":Received 2 update(s). cV=ahgBPU8Oo5kB8d6HukRdtT.0;server=general0100002K;cloudType=Consumer;environment=Prod_EastUS2_000e}
{"logTime": "0109/202605", "correlationVector":"IAmflXXUl386iBkQS3BzUP.0","action":"FeedSettingFetch_homeCloud", "result":"0", "context":{}}
{"logTime": "0109/202605", "correlationVector":"IwgjhLLDVkLD5vwomH8g6o.1","action":"SyncServerConnectionManagerRequest", "result":"SYNC_SERVER_OK", "context":{"environment":"Prod_EastUS2_000e", "server":"general0100000J"}}
{"logTime": "0109/202605", "correlationVector":"IwgjhLLDVkLD5vwomH8g6o","action":"Initial GetUpdates", "result":"", "context":Reason: NEW_CLIENT. cV=IwgjhLLDVkLD5vwomH8g6o}
{"logTime": "0109/202605", "correlationVector":"IwgjhLLDVkLD5vwomH8g6o.2","action":"GetUpdates Response", "result":"SYNCER_OK", "context":Received 1 update(s). cV=IwgjhLLDVkLD5vwomH8g6o.0;server=general0100000J;cloudType=Consumer;environment=Prod_EastUS2_000e}
{"logTime": "0109/202605", "correlationVector":"JssuLwwTC2c0SNFrYJYtUT","action":"Normal GetUpdate request", "result":"", "context":cV=JssuLwwTC2c0SNFrYJYtUT
Refresh requested types: Device Info, User Consents, Send Tab To Self, Encryption Keys}
{"logTime": "0109/202605", "correlationVector":"JssuLwwTC2c0SNFrYJYtUT.1","action":"SyncServerConnectionManagerRequest", "result":"SYNC_SERVER_OK", "context":{"environment":"Prod_EastUS2_000e", "server":"general0100001P"}}
{"logTime": "0109/202605", "correlationVector":"JssuLwwTC2c0SNFrYJYtUT.2","action":"GetUpdates Response", "result":"SYNCER_OK", "context":Received 0 update(s). cV=JssuLwwTC2c0SNFrYJYtUT.0;server=general0100001P;cloudType=Consumer;environment=Prod_EastUS2_000e}
{"logTime": "0109/215813", "correlationVector":"BAKhFRL7VoCHn/TV7Lyll/.0","action":"FeedSettingFetch_homeCloud", "result":"0", "context":{}}
{"logTime": "0109/215813", "correlationVector":"wE6gvx12A8Grf5JtCVeq8E.1","action":"SyncServerConnectionManagerRequest", "result":"SYNC_SERVER_OK", "context":{"environment":"Prod_EastUS2_000e", "server":"general0100000K"}}
{"logTime": "0109/215813", "correlationVector":"wE6gvx12A8Grf5JtCVeq8E","action":"Initial GetUpdates", "result":"", "context":Reason: NEW_CLIENT. cV=wE6gvx12A8Grf5JtCVeq8E}
{"logTime": "0109/215813", "correlationVector":"wE6gvx12A8Grf5JtCVeq8E.2","action":"GetUpdates Response", "result":"SYNCER_OK", "context":Received 1 update(s). cV=wE6gvx12A8Grf5JtCVeq8E.0;server=general0100000K;cloudType=Consumer;environment=Prod_EastUS2_000e}
{"logTime": "0109/215813", "correlationVector":"AwXObuAzOPejLPa4gSyHfO","action":"Normal GetUpdate request", "result":"", "context":cV=AwXObuAzOPejLPa4gSyHfO
Refresh requested types: Device Info, User Consents, Send Tab To Self, Encryption Keys}
{"logTime": "0109/215813", "correlationVector":"AwXObuAzOPejLPa4gSyHfO.1","action":"SyncServerConnectionManagerRequest", "result":"SYNC_SERVER_OK", "context":{"environment":"Prod_EastUS2_000e", "server":"general0100001S"}}
{"logTime": "0109/215813", "correlationVector":"AwXObuAzOPejLPa4gSyHfO.2","action":"GetUpdates Response", "result":"SYNCER_OK", "context":Received 2 update(s). cV=AwXObuAzOPejLPa4gSyHfO.0;server=general0100001S;cloudType=Consumer;environment=Prod_EastUS2_000e}
{"logTime": "0110/012546", "correlationVector":"+nyW2tpgwXA7YKjl0q3n/x","action":"SyncServerConnectionManagerRequest", "result":"SYNC_SERVER_ERROR", "context":{"environment":"", "error_type":"http_status_code", "error_value":"400", "server":""}}
{"logTime": "0110/012546", "correlationVector":"kN5kYgv5mjAgMwY4Ey90Tn","action":"Poll GetUpdate request", "result":"", "context":cV=kN5kYgv5mjAgMwY4Ey90Tn}
{"logTime": "0110/012546", "correlationVector":"kN5kYgv5mjAgMwY4Ey90Tn.1","action":"SyncServerConnectionManagerRequest", "result":"SYNC_SERVER_OK", "context":{"environment":"Prod_EastUS2_000e", "server":"general01000013"}}
{"logTime": "0110/012546", "correlationVector":"kN5kYgv5mjAgMwY4Ey90Tn.2","action":"GetUpdates Response", "result":"SYNCER_OK", "context":Received 0 update(s). cV=kN5kYgv5mjAgMwY4Ey90Tn.0;server=general01000013;cloudType=Consumer;environment=Prod_EastUS2_000e}
{"logTime": "0110/171431", "correlationVector":"xGDU7HnoeQ6NhWqCR39nwK.0","action":"FeedSettingFetch_homeCloud", "result":"0", "context":{}}
{"logTime": "0110/171431", "correlationVector":"xGDU7HnoeQ6NhWqCR39nwK.0","action":"SyncServerConnectionManagerRequest", "result":"SYNC_SERVER_OK", "context":{"environment":"", "server":""}}
{"logTime": "0110/171431", "correlationVector":"vgwtEiYWUxLxNjzeAPyEcF.1","action":"SyncServerConnectionManagerRequest", "result":"SYNC_SERVER_OK", "context":{"environment":"Prod_EastUS2_000e", "server":"general0100000F"}}
{"logTime": "0110/171431", "correlationVector":"vgwtEiYWUxLxNjzeAPyEcF","action":"Initial GetUpdates", "result":"", "context":Reason: NEW_CLIENT. cV=vgwtEiYWUxLxNjzeAPyEcF}
{"logTime": "0110/171431", "correlationVector":"vgwtEiYWUxLxNjzeAPyEcF.2","action":"GetUpdates Response", "result":"SYNCER_OK", "context":Received 1 update(s). cV=vgwtEiYWUxLxNjzeAPyEcF.0;server=general0100000F;cloudType=Consumer;environment=Prod_EastUS2_000e}
{"logTime": "0110/171431", "correlationVector":"Ktr6hbdi0AWWa1N5gnKNOC","action":"Normal GetUpdate request", "result":"", "context":cV=Ktr6hbdi0AWWa1N5gnKNOC
Refresh requested types: Device Info, User Consents, Send Tab To Self, Encryption Keys}
{"logTime": "0110/171431", "correlationVector":"Ktr6hbdi0AWWa1N5gnKNOC.1","action":"SyncServerConnectionManagerRequest", "result":"SYNC_SERVER_OK", "context":{"environment":"Prod_EastUS2_000e", "server":"general0100000D"}}
{"logTime": "0110/171431", "correlationVector":"Ktr6hbdi0AWWa1N5gnKNOC.2","action":"GetUpdates Response", "result":"SYNCER_OK", "context":Received 0 update(s). cV=Ktr6hbdi0AWWa1N5gnKNOC.0;server=general0100000D;cloudType=Consumer;environment=Prod_EastUS2_000e}
{"logTime": "0110/171526", "correlationVector":"vScUa1ORMGbaPtrqz8DtyF","action":"Poll GetUpdate request", "result":"", "context":cV=vScUa1ORMGbaPtrqz8DtyF}
{"logTime": "0110/171526", "correlationVector":"vScUa1ORMGbaPtrqz8DtyF.1","action":"SyncServerConnectionManagerRequest", "result":"SYNC_SERVER_OK", "context":{"environment":"Prod_EastUS2_000e", "server":"general0100000P"}}
{"logTime": "0110/171526", "correlationVector":"vScUa1ORMGbaPtrqz8DtyF.2","action":"GetUpdates Response", "result":"SYNCER_OK", "context":Received 2 update(s). cV=vScUa1ORMGbaPtrqz8DtyF.0;server=general0100000P;cloudType=Consumer;environment=Prod_EastUS2_000e}
{"logTime": "0110/180330", "correlationVector":"78Op/EKOMSju1tRLthfJNS","action":"Normal GetUpdate request", "result":"", "context":cV=78Op/EKOMSju1tRLthfJNS
Nudged types: Device Info}
{"logTime": "0110/180330", "correlationVector":"78Op/EKOMSju1tRLthfJNS.1","action":"SyncServerConnectionManagerRequest", "result":"SYNC_SERVER_OK", "context":{"environment":"Prod_EastUS2_000e", "server":"general0100000W"}}
{"logTime": "0110/180330", "correlationVector":"78Op/EKOMSju1tRLthfJNS.2","action":"GetUpdates Response", "result":"SYNCER_OK", "context":Received 0 update(s). cV=78Op/EKOMSju1tRLthfJNS.0;server=general0100000W;cloudType=Consumer;environment=Prod_EastUS2_000e}
{"logTime": "0110/180330", "correlationVector":"0Q3hWJhunNkEWRaPsTnTiz","action":"Commit Request", "result":"", "context":Item count: 1
Contributing types: Device Info}
{"logTime": "0110/180331", "correlationVector":"0Q3hWJhunNkEWRaPsTnTiz.1","action":"SyncServerConnectionManagerRequest", "result":"SYNC_SERVER_OK", "context":{"environment":"Prod_EastUS2_000e", "server":"general0100000G"}}
{"logTime": "0110/180331", "correlationVector":"0Q3hWJhunNkEWRaPsTnTiz.2","action":"Commit Response", "result":"SYNCER_OK", "context":Result: SYNCER_OK. cV=0Q3hWJhunNkEWRaPsTnTiz.0;server=general0100000G;cloudType=Consumer;environment=Prod_EastUS2_000e}
{"logTime": "0111/161349", "correlationVector":"EnMvrlxipV4LZURETrGQ5X.0","action":"FeedSettingFetch_homeCloud", "result":"0", "context":{}}
{"logTime": "0111/161349", "correlationVector":"7kMC6OhAZ6F5yhjQ/ZHesc.1","action":"SyncServerConnectionManagerRequest", "result":"SYNC_SERVER_OK", "context":{"environment":"Prod_EastUS2_000e", "server":"general01000002"}}
{"logTime": "0111/161349", "correlationVector":"7kMC6OhAZ6F5yhjQ/ZHesc","action":"Initial GetUpdates", "result":"", "context":Reason: NEW_CLIENT. cV=7kMC6OhAZ6F5yhjQ/ZHesc}
{"logTime": "0111/161349", "correlationVector":"7kMC6OhAZ6F5yhjQ/ZHesc.2","action":"GetUpdates Response", "result":"SYNCER_OK", "context":Received 1 update(s). cV=7kMC6OhAZ6F5yhjQ/ZHesc.0;server=general01000002;cloudType=Consumer;environment=Prod_EastUS2_000e}
{"logTime": "0111/161349", "correlationVector":"EMUq86a+RHEHadrgNlqqzw","action":"SyncServerConnectionManagerRequest", "result":"SYNC_SERVER_OK", "context":{"environment":"", "server":""}}
{"logTime": "0111/161349", "correlationVector":"m1u85/j0e0UG0I8dmsw9Hj","action":"Normal GetUpdate request", "result":"", "context":cV=m1u85/j0e0UG0I8dmsw9Hj
Refresh requested types: Device Info, User Consents, Send Tab To Self, Encryption Keys}
{"logTime": "0111/161349", "correlationVector":"m1u85/j0e0UG0I8dmsw9Hj.1","action":"SyncServerConnectionManagerRequest", "result":"SYNC_SERVER_OK", "context":{"environment":"Prod_EastUS2_000e", "server":"general0100001G"}}
{"logTime": "0111/161349", "correlationVector":"m1u85/j0e0UG0I8dmsw9Hj.2","action":"GetUpdates Response", "result":"SYNCER_OK", "context":Received 1 update(s). cV=m1u85/j0e0UG0I8dmsw9Hj.0;server=general0100001G;cloudType=Consumer;environment=Prod_EastUS2_000e}
{"logTime": "0111/161349", "correlationVector":"8GzfRzu1DHMGw8houwEA62","action":"Normal GetUpdate request", "result":"", "context":cV=8GzfRzu1DHMGw8houwEA62
Refresh requested types: Device Info, User Consents, Send Tab To Self, Encryption Keys}
{"logTime": "0111/161349", "correlationVector":"8GzfRzu1DHMGw8houwEA62.1","action":"SyncServerConnectionManagerRequest", "result":"SYNC_SERVER_OK", "context":{"environment":"Prod_EastUS2_000e", "server":"general01000009"}}
{"logTime": "0111/161349", "correlationVector":"8GzfRzu1DHMGw8houwEA62.2","action":"GetUpdates Response", "result":"SYNCER_OK", "context":Received 0 update(s). cV=8GzfRzu1DHMGw8houwEA62.0;server=general01000009;cloudType=Consumer;environment=Prod_EastUS2_000e}
{"logTime": "0111/161442", "correlationVector":"hHl1hXzcDOlLPHcdWuvA9P","action":"Poll GetUpdate request", "result":"", "context":cV=hHl1hXzcDOlLPHcdWuvA9P}
{"logTime": "0111/161442", "correlationVector":"hHl1hXzcDOlLPHcdWuvA9P.1","action":"SyncServerConnectionManagerRequest", "result":"SYNC_SERVER_OK", "context":{"environment":"Prod_EastUS2_000e", "server":"general01000023"}}
{"logTime": "0111/161442", "correlationVector":"hHl1hXzcDOlLPHcdWuvA9P.2","action":"GetUpdates Response", "result":"SYNCER_OK", "context":Received 0 update(s). cV=hHl1hXzcDOlLPHcdWuvA9P.0;server=general01000023;cloudType=Consumer;environment=Prod_EastUS2_000e}
{"logTime": "0111/162334", "correlationVector":"VoVNDgWPXKHWG7SD6hHtJF.0","action":"FeedSettingFetch_homeCloud", "result":"0", "context":{}}
{"logTime": "0111/162334", "correlationVector":"fBCXYpen7LyzOneJDbZ2YL.1","action":"SyncServerConnectionManagerRequest", "result":"SYNC_SERVER_OK", "context":{"environment":"Prod_EastUS2_000e", "server":"general0100001G"}}
{"logTime": "0111/162334", "correlationVector":"fBCXYpen7LyzOneJDbZ2YL","action":"Initial GetUpdates", "result":"", "context":Reason: NEW_CLIENT. cV=fBCXYpen7LyzOneJDbZ2YL}
{"logTime": "0111/162334", "correlationVector":"fBCXYpen7LyzOneJDbZ2YL.2","action":"GetUpdates Response", "result":"SYNCER_OK", "context":Received 1 update(s). cV=fBCXYpen7LyzOneJDbZ2YL.0;server=general0100001G;cloudType=Consumer;environment=Prod_EastUS2_000e}
{"logTime": "0111/162334", "correlationVector":"TX+Hn+gCakUE7yj5vIHurz","action":"Normal GetUpdate request", "result":"", "context":cV=TX+Hn+gCakUE7yj5vIHurz
Refresh requested types: Device Info, User Consents, Send Tab To Self, Encryption Keys}
{"logTime": "0111/162334", "correlationVector":"TX+Hn+gCakUE7yj5vIHurz.1","action":"SyncServerConnectionManagerRequest", "result":"SYNC_SERVER_OK", "context":{"environment":"Prod_EastUS2_000e", "server":"general0100001M"}}
{"logTime": "0111/162334", "correlationVector":"TX+Hn+gCakUE7yj5vIHurz.2","action":"GetUpdates Response", "result":"SYNCER_OK", "context":Received 0 update(s). cV=TX+Hn+gCakUE7yj5vIHurz.0;server=general0100001M;cloudType=Consumer;environment=Prod_EastUS2_000e}
{"logTime": "0111/180330", "correlationVector":"nHmJnmNlpj4seybC/9jw2/","action":"SyncServerConnectionManagerRequest", "result":"SYNC_SERVER_ERROR", "context":{"environment":"", "error_type":"http_status_code", "error_value":"400", "server":""}}
{"logTime": "0111/180330", "correlationVector":"Jlozo/WNWR+tDxsTrZ3OWV","action":"Normal GetUpdate request", "result":"", "context":cV=Jlozo/WNWR+tDxsTrZ3OWV
Nudged types: Device Info}
{"logTime": "0111/180331", "correlationVector":"Jlozo/WNWR+tDxsTrZ3OWV.1","action":"SyncServerConnectionManagerRequest", "result":"SYNC_SERVER_OK", "context":{"environment":"Prod_EastUS2_000e", "server":"general01000019"}}
{"logTime": "0111/180331", "correlationVector":"Jlozo/WNWR+tDxsTrZ3OWV.2","action":"GetUpdates Response", "result":"SYNCER_OK", "context":Received 2 update(s). cV=Jlozo/WNWR+tDxsTrZ3OWV.0;server=general01000019;cloudType=Consumer;environment=Prod_EastUS2_000e}
{"logTime": "0111/180331", "correlationVector":"4+eML03quIUKhQwohzzuq6","action":"Commit Request", "result":"", "context":Item count: 1
Contributing types: Device Info}
{"logTime": "0111/180332", "correlationVector":"4+eML03quIUKhQwohzzuq6.1","action":"SyncServerConnectionManagerRequest", "result":"SYNC_SERVER_OK", "context":{"environment":"Prod_EastUS2_000e", "server":"general0100002I"}}
{"logTime": "0111/180332", "correlationVector":"4+eML03quIUKhQwohzzuq6.2","action":"Commit Response", "result":"SYNCER_OK", "context":Result: SYNCER_OK. cV=4+eML03quIUKhQwohzzuq6.0;server=general0100002I;cloudType=Consumer;environment=Prod_EastUS2_000e}
{"logTime": "0112/174201", "correlationVector":"/U+996VIcT2X5EuXnW8M9t.0","action":"FeedSettingFetch_homeCloud", "result":"0", "context":{}}
{"logTime": "0112/174201", "correlationVector":"/U+996VIcT2X5EuXnW8M9t.0","action":"SyncServerConnectionManagerRequest", "result":"SYNC_SERVER_OK", "context":{"environment":"", "server":""}}
{"logTime": "0112/174201", "correlationVector":"pxaMRUztYmLlWdF/P4xag3.1","action":"SyncServerConnectionManagerRequest", "result":"SYNC_SERVER_OK", "context":{"environment":"Prod_EastUS2_000e", "server":"general0100000Z"}}
{"logTime": "0112/174201", "correlationVector":"pxaMRUztYmLlWdF/P4xag3","action":"Initial GetUpdates", "result":"", "context":Reason: NEW_CLIENT. cV=pxaMRUztYmLlWdF/P4xag3}
{"logTime": "0112/174201", "correlationVector":"pxaMRUztYmLlWdF/P4xag3.2","action":"GetUpdates Response", "result":"SYNCER_OK", "context":Received 1 update(s). cV=pxaMRUztYmLlWdF/P4xag3.0;server=general0100000Z;cloudType=Consumer;environment=Prod_EastUS2_000e}
{"logTime": "0112/174201", "correlationVector":"a42L1VIlum1Clqwxcm6FiR","action":"Normal GetUpdate request", "result":"", "context":cV=a42L1VIlum1Clqwxcm6FiR
Refresh requested types: Device Info, User Consents, Send Tab To Self, Encryption Keys}
{"logTime": "0112/174201", "correlationVector":"a42L1VIlum1Clqwxcm6FiR.1","action":"SyncServerConnectionManagerRequest", "result":"SYNC_SERVER_OK", "context":{"environment":"Prod_EastUS2_000e", "server":"general0100002A"}}
{"logTime": "0112/174201", "correlationVector":"a42L1VIlum1Clqwxcm6FiR.2","action":"GetUpdates Response", "result":"SYNCER_OK", "context":Received 2 update(s). cV=a42L1VIlum1Clqwxcm6FiR.0;server=general0100002A;cloudType=Consumer;environment=Prod_EastUS2_000e}
{"logTime": "0112/174413", "correlationVector":"LkxjNAq3z6QW82haDk/a54","action":"Poll GetUpdate request", "result":"", "context":cV=LkxjNAq3z6QW82haDk/a54}
{"logTime": "0112/174413", "correlationVector":"LkxjNAq3z6QW82haDk/a54.1","action":"SyncServerConnectionManagerRequest", "result":"SYNC_SERVER_OK", "context":{"environment":"Prod_EastUS2_000e", "server":"general01000015"}}
{"logTime": "0112/174413", "correlationVector":"LkxjNAq3z6QW82haDk/a54.2","action":"GetUpdates Response", "result":"SYNCER_OK", "context":Received 0 update(s). cV=LkxjNAq3z6QW82haDk/a54.0;server=general01000015;cloudType=Consumer;environment=Prod_EastUS2_000e}
{"logTime": "0112/180330", "correlationVector":"H2pUcu6pE2nSpYW5U1tfC6","action":"Normal GetUpdate request", "result":"", "context":cV=H2pUcu6pE2nSpYW5U1tfC6
Nudged types: Device Info}
{"logTime": "0112/180331", "correlationVector":"H2pUcu6pE2nSpYW5U1tfC6.1","action":"SyncServerConnectionManagerRequest", "result":"SYNC_SERVER_OK", "context":{"environment":"Prod_EastUS2_000e", "server":"general0100001G"}}
{"logTime": "0112/180331", "correlationVector":"H2pUcu6pE2nSpYW5U1tfC6.2","action":"GetUpdates Response", "result":"SYNCER_OK", "context":Received 0 update(s). cV=H2pUcu6pE2nSpYW5U1tfC6.0;server=general0100001G;cloudType=Consumer;environment=Prod_EastUS2_000e}
{"logTime": "0112/180331", "correlationVector":"aVToxQi6NXyiyBvqpGAYkA","action":"Commit Request", "result":"", "context":Item count: 1
Contributing types: Device Info}
{"logTime": "0112/180331", "correlationVector":"aVToxQi6NXyiyBvqpGAYkA.1","action":"SyncServerConnectionManagerRequest", "result":"SYNC_SERVER_OK", "context":{"environment":"Prod_EastUS2_000e", "server":"general0100001I"}}
{"logTime": "0112/180331", "correlationVector":"aVToxQi6NXyiyBvqpGAYkA.2","action":"Commit Response", "result":"SYNCER_OK", "context":Result: SYNCER_OK. cV=aVToxQi6NXyiyBvqpGAYkA.0;server=general0100001I;cloudType=Consumer;environment=Prod_EastUS2_000e}
{"logTime": "0112/231212", "correlationVector":"Zm5LArtMWbSyVi+6oF2Zu1.0","action":"FeedSettingFetch_homeCloud", "result":"0", "context":{}}
{"logTime": "0112/231212", "correlationVector":"OehJHBAzincXMCMIqQdeHx.1","action":"SyncServerConnectionManagerRequest", "result":"SYNC_SERVER_OK", "context":{"environment":"Prod_EastUS2_000e", "server":"general01000028"}}
{"logTime": "0112/231212", "correlationVector":"OehJHBAzincXMCMIqQdeHx","action":"Initial GetUpdates", "result":"", "context":Reason: NEW_CLIENT. cV=OehJHBAzincXMCMIqQdeHx}
{"logTime": "0112/231212", "correlationVector":"OehJHBAzincXMCMIqQdeHx.2","action":"GetUpdates Response", "result":"SYNCER_OK", "context":Received 1 update(s). cV=OehJHBAzincXMCMIqQdeHx.0;server=general01000028;cloudType=Consumer;environment=Prod_EastUS2_000e}
{"logTime": "0112/231212", "correlationVector":"Rcuj/VbRtg7uxeqTkzdpYQ","action":"Normal GetUpdate request", "result":"", "context":cV=Rcuj/VbRtg7uxeqTkzdpYQ
Refresh requested types: Device Info, User Consents, Send Tab To Self, Encryption Keys}
{"logTime": "0112/231212", "correlationVector":"Rcuj/VbRtg7uxeqTkzdpYQ.1","action":"SyncServerConnectionManagerRequest", "result":"SYNC_SERVER_OK", "context":{"environment":"Prod_EastUS2_000e", "server":"general01000002"}}
{"logTime": "0112/231212", "correlationVector":"Rcuj/VbRtg7uxeqTkzdpYQ.2","action":"GetUpdates Response", "result":"SYNCER_OK", "context":Received 1 update(s). cV=Rcuj/VbRtg7uxeqTkzdpYQ.0;server=general01000002;cloudType=Consumer;environment=Prod_EastUS2_000e}
{"logTime": "0113/014414", "correlationVector":"h9qdsCjhsw6N2MN47hq6mC","action":"SyncServerConnectionManagerRequest", "result":"SYNC_SERVER_ERROR", "context":{"environment":"", "error_type":"http_status_code", "error_value":"400", "server":""}}
{"logTime": "0113/014414", "correlationVector":"hsUDiomgj1A1wv/DT042nX","action":"Poll GetUpdate request", "result":"", "context":cV=hsUDiomgj1A1wv/DT042nX}
{"logTime": "0113/014414", "correlationVector":"hsUDiomgj1A1wv/DT042nX.1","action":"SyncServerConnectionManagerRequest", "result":"SYNC_SERVER_OK", "context":{"environment":"Prod_EastUS2_000e", "server":"general0100001R"}}
{"logTime": "0113/014414", "correlationVector":"hsUDiomgj1A1wv/DT042nX.2","action":"GetUpdates Response", "result":"SYNCER_OK", "context":Received 0 update(s). cV=hsUDiomgj1A1wv/DT042nX.0;server=general0100001R;cloudType=Consumer;environment=Prod_EastUS2_000e}
{"logTime": "0113/165521", "correlationVector":"0+amNITtT8Jiu/XZU9lc+H.0","action":"FeedSettingFetch_homeCloud", "result":"0", "context":{}}
{"logTime": "0113/165521", "correlationVector":"0+amNITtT8Jiu/XZU9lc+H.0","action":"SyncServerConnectionManagerRequest", "result":"SYNC_SERVER_OK", "context":{"environment":"", "server":""}}
{"logTime": "0113/165521", "correlationVector":"kYTdA0D2vD8Vqtu91gLGbf.1","action":"SyncServerConnectionManagerRequest", "result":"SYNC_SERVER_OK", "context":{"environment":"Prod_EastUS2_000e", "server":"general0100001O"}}
{"logTime": "0113/165521", "correlationVector":"kYTdA0D2vD8Vqtu91gLGbf","action":"Initial GetUpdates", "result":"", "context":Reason: NEW_CLIENT. cV=kYTdA0D2vD8Vqtu91gLGbf}
{"logTime": "0113/165521", "correlationVector":"kYTdA0D2vD8Vqtu91gLGbf.2","action":"GetUpdates Response", "result":"SYNCER_OK", "context":Received 1 update(s). cV=kYTdA0D2vD8Vqtu91gLGbf.0;server=general0100001O;cloudType=Consumer;environment=Prod_EastUS2_000e}
{"logTime": "0113/165521", "correlationVector":"1JixdaRCpWfw+iRB8MXDug","action":"Normal GetUpdate request", "result":"", "context":cV=1JixdaRCpWfw+iRB8MXDug
Refresh requested types: Device Info, User Consents, Send Tab To Self, Encryption Keys}
{"logTime": "0113/165521", "correlationVector":"1JixdaRCpWfw+iRB8MXDug.1","action":"SyncServerConnectionManagerRequest", "result":"SYNC_SERVER_OK", "context":{"environment":"Prod_EastUS2_000e", "server":"general0100002A"}}
{"logTime": "0113/165521", "correlationVector":"1JixdaRCpWfw+iRB8MXDug.2","action":"GetUpdates Response", "result":"SYNCER_OK", "context":Received 0 update(s). cV=1JixdaRCpWfw+iRB8MXDug.0;server=general0100002A;cloudType=Consumer;environment=Prod_EastUS2_000e}
{"logTime": "0113/165701", "correlationVector":"cK0avXCGbUH7v1vnhwSjmx","action":"Poll GetUpdate request", "result":"", "context":cV=cK0avXCGbUH7v1vnhwSjmx}
{"logTime": "0113/165702", "correlationVector":"cK0avXCGbUH7v1vnhwSjmx.1","action":"SyncServerConnectionManagerRequest", "result":"SYNC_SERVER_OK", "context":{"environment":"Prod_EastUS2_000e", "server":"general0100000M"}}
{"logTime": "0113/165702", "correlationVector":"cK0avXCGbUH7v1vnhwSjmx.2","action":"GetUpdates Response", "result":"SYNCER_OK", "context":Received 2 update(s). cV=cK0avXCGbUH7v1vnhwSjmx.0;server=general0100000M;cloudType=Consumer;environment=Prod_EastUS2_000e}
{"logTime": "0113/180330", "correlationVector":"pnT5MC1e31PkqHiVd5+xXa","action":"Normal GetUpdate request", "result":"", "context":cV=pnT5MC1e31PkqHiVd5+xXa
Nudged types: Device Info}
{"logTime": "0113/180331", "correlationVector":"pnT5MC1e31PkqHiVd5+xXa.1","action":"SyncServerConnectionManagerRequest", "result":"SYNC_SERVER_OK", "context":{"environment":"Prod_EastUS2_000e", "server":"general01000014"}}
{"logTime": "0113/180331", "correlationVector":"pnT5MC1e31PkqHiVd5+xXa.2","action":"GetUpdates Response", "result":"SYNCER_OK", "context":Received 0 update(s). cV=pnT5MC1e31PkqHiVd5+xXa.0;server=general01000014;cloudType=Consumer;environment=Prod_EastUS2_000e}
{"logTime": "0113/180331", "correlationVector":"ugyAXNUqOv0LCAyDOEdqYE","action":"Commit Request", "result":"", "context":Item count: 1
Contributing types: Device Info}
{"logTime": "0113/180331", "correlationVector":"ugyAXNUqOv0LCAyDOEdqYE.1","action":"SyncServerConnectionManagerRequest", "result":"SYNC_SERVER_OK", "context":{"environment":"Prod_EastUS2_000e", "server":"general0100001D"}}
{"logTime": "0113/180331", "correlationVector":"ugyAXNUqOv0LCAyDOEdqYE.2","action":"Commit Response", "result":"SYNCER_OK", "context":Result: SYNCER_OK. cV=ugyAXNUqOv0LCAyDOEdqYE.0;server=general0100001D;cloudType=Consumer;environment=Prod_EastUS2_000e}
{"logTime": "0113/193040", "correlationVector":"zz4fnTzsjGfdj36y5Q5IVw.0","action":"FeedSettingFetch_homeCloud", "result":"0", "context":{}}
{"logTime": "0113/193040", "correlationVector":"Id1Ju70QAOO1RH9j8j9AXF.1","action":"SyncServerConnectionManagerRequest", "result":"SYNC_SERVER_OK", "context":{"environment":"Prod_EastUS2_000e", "server":"general01000020"}}
{"logTime": "0113/193040", "correlationVector":"Id1Ju70QAOO1RH9j8j9AXF","action":"Initial GetUpdates", "result":"", "context":Reason: NEW_CLIENT. cV=Id1Ju70QAOO1RH9j8j9AXF}
{"logTime": "0113/193040", "correlationVector":"Id1Ju70QAOO1RH9j8j9AXF.2","action":"GetUpdates Response", "result":"SYNCER_OK", "context":Received 1 update(s). cV=Id1Ju70QAOO1RH9j8j9AXF.0;server=general01000020;cloudType=Consumer;environment=Prod_EastUS2_000e}
{"logTime": "0113/193040", "correlationVector":"uDJtlKWg9uR5RfyDyjdyM0","action":"Normal GetUpdate request", "result":"", "context":cV=uDJtlKWg9uR5RfyDyjdyM0
Refresh requested types: Device Info, User Consents, Send Tab To Self, Encryption Keys}
{"logTime": "0113/193040", "correlationVector":"uDJtlKWg9uR5RfyDyjdyM0.1","action":"SyncServerConnectionManagerRequest", "result":"SYNC_SERVER_OK", "context":{"environment":"Prod_EastUS2_000e", "server":"general0100002H"}}
{"logTime": "0113/193040", "correlationVector":"uDJtlKWg9uR5RfyDyjdyM0.2","action":"GetUpdates Response", "result":"SYNCER_OK", "context":Received 1 update(s). cV=uDJtlKWg9uR5RfyDyjdyM0.0;server=general0100002H;cloudType=Consumer;environment=Prod_EastUS2_000e}
{"logTime": "0113/224342", "correlationVector":"rxttkX50U/9liBmhqd8clC.0","action":"FeedSettingFetch_homeCloud", "result":"0", "context":{}}
{"logTime": "0113/224342", "correlationVector":"9oGAZKOCBnxpyDlb9hzECV.1","action":"SyncServerConnectionManagerRequest", "result":"SYNC_SERVER_OK", "context":{"environment":"Prod_EastUS2_000e", "server":"general0100001Y"}}
{"logTime": "0113/224342", "correlationVector":"9oGAZKOCBnxpyDlb9hzECV","action":"Initial GetUpdates", "result":"", "context":Reason: NEW_CLIENT. cV=9oGAZKOCBnxpyDlb9hzECV}
{"logTime": "0113/224342", "correlationVector":"9oGAZKOCBnxpyDlb9hzECV.2","action":"GetUpdates Response", "result":"SYNCER_OK", "context":Received 1 update(s). cV=9oGAZKOCBnxpyDlb9hzECV.0;server=general0100001Y;cloudType=Consumer;environment=Prod_EastUS2_000e}
{"logTime": "0113/224342", "correlationVector":"w6ZlgCDrvMxJN++bmuY52K","action":"Normal GetUpdate request", "result":"", "context":cV=w6ZlgCDrvMxJN++bmuY52K
Refresh requested types: Device Info, User Consents, Send Tab To Self, Encryption Keys}
{"logTime": "0113/224342", "correlationVector":"w6ZlgCDrvMxJN++bmuY52K.1","action":"SyncServerConnectionManagerRequest", "result":"SYNC_SERVER_OK", "context":{"environment":"Prod_EastUS2_000e", "server":"general0100001H"}}
{"logTime": "0113/224342", "correlationVector":"w6ZlgCDrvMxJN++bmuY52K.2","action":"GetUpdates Response", "result":"SYNCER_OK", "context":Received 0 update(s). cV=w6ZlgCDrvMxJN++bmuY52K.0;server=general0100001H;cloudType=Consumer;environment=Prod_EastUS2_000e}
{"logTime": "0113/224834", "correlationVector":"R9Bs1wCpBSl7yFEc6wIHAN.0","action":"FeedSettingFetch_homeCloud", "result":"0", "context":{}}
{"logTime": "0113/224834", "correlationVector":"Z+P2CiuckZhgiqwhYaMwl9.1","action":"SyncServerConnectionManagerRequest", "result":"SYNC_SERVER_OK", "context":{"environment":"Prod_EastUS2_000e", "server":"general0100001J"}}
{"logTime": "0113/224834", "correlationVector":"Z+P2CiuckZhgiqwhYaMwl9","action":"Initial GetUpdates", "result":"", "context":Reason: NEW_CLIENT. cV=Z+P2CiuckZhgiqwhYaMwl9}
{"logTime": "0113/224834", "correlationVector":"Z+P2CiuckZhgiqwhYaMwl9.2","action":"GetUpdates Response", "result":"SYNCER_OK", "context":Received 1 update(s). cV=Z+P2CiuckZhgiqwhYaMwl9.0;server=general0100001J;cloudType=Consumer;environment=Prod_EastUS2_000e}
{"logTime": "0113/224834", "correlationVector":"NDV8WnyMW6uNKj7OtPSbyi","action":"Normal GetUpdate request", "result":"", "context":cV=NDV8WnyMW6uNKj7OtPSbyi
Refresh requested types: Device Info, User Consents, Send Tab To Self, Encryption Keys}
{"logTime": "0113/224834", "correlationVector":"NDV8WnyMW6uNKj7OtPSbyi.1","action":"SyncServerConnectionManagerRequest", "result":"SYNC_SERVER_OK", "context":{"environment":"Prod_EastUS2_000e", "server":"general01000007"}}
{"logTime": "0113/224834", "correlationVector":"NDV8WnyMW6uNKj7OtPSbyi.2","action":"GetUpdates Response", "result":"SYNCER_OK", "context":Received 2 update(s). cV=NDV8WnyMW6uNKj7OtPSbyi.0;server=general01000007;cloudType=Consumer;environment=Prod_EastUS2_000e}
{"logTime": "0113/230338", "correlationVector":"KP/T24tdCWwHc7Qb2yxJ+d.0","action":"FeedSettingFetch_homeCloud", "result":"0", "context":{}}
{"logTime": "0113/230338", "correlationVector":"rQZE62meHhttCii3D61dmA.1","action":"SyncServerConnectionManagerRequest", "result":"SYNC_SERVER_OK", "context":{"environment":"Prod_EastUS2_000e", "server":"general01000011"}}
{"logTime": "0113/230338", "correlationVector":"rQZE62meHhttCii3D61dmA","action":"Initial GetUpdates", "result":"", "context":Reason: NEW_CLIENT. cV=rQZE62meHhttCii3D61dmA}
{"logTime": "0113/230338", "correlationVector":"rQZE62meHhttCii3D61dmA.2","action":"GetUpdates Response", "result":"SYNCER_OK", "context":Received 1 update(s). cV=rQZE62meHhttCii3D61dmA.0;server=general01000011;cloudType=Consumer;environment=Prod_EastUS2_000e}
{"logTime": "0113/230338", "correlationVector":"oXOm4+vzulm/YBjDsAH2wS","action":"SyncServerConnectionManagerRequest", "result":"SYNC_SERVER_OK", "context":{"environment":"", "server":""}}
{"logTime": "0113/230338", "correlationVector":"/jjd20/2DZmduYZ27Sjcwm","action":"Normal GetUpdate request", "result":"", "context":cV=/jjd20/2DZmduYZ27Sjcwm
Refresh requested types: Device Info, User Consents, Send Tab To Self, Encryption Keys}
{"logTime": "0113/230338", "correlationVector":"/jjd20/2DZmduYZ27Sjcwm.1","action":"SyncServerConnectionManagerRequest", "result":"SYNC_SERVER_OK", "context":{"environment":"Prod_EastUS2_000e", "server":"GENERAL0100002F"}}
{"logTime": "0113/230338", "correlationVector":"/jjd20/2DZmduYZ27Sjcwm.2","action":"GetUpdates Response", "result":"SYNCER_OK", "context":Received 0 update(s). cV=/jjd20/2DZmduYZ27Sjcwm.0;server=GENERAL0100002F;cloudType=Consumer;environment=Prod_EastUS2_000e}
{"logTime": "0113/230338", "correlationVector":"kIjXPcQybdMbXEJpNAK5nc","action":"Normal GetUpdate request", "result":"", "context":cV=kIjXPcQybdMbXEJpNAK5nc
Refresh requested types: Device Info, User Consents, Send Tab To Self, Encryption Keys}
{"logTime": "0113/230338", "correlationVector":"kIjXPcQybdMbXEJpNAK5nc.1","action":"SyncServerConnectionManagerRequest", "result":"SYNC_SERVER_OK", "context":{"environment":"Prod_EastUS2_000e", "server":"general0100000W"}}
{"logTime": "0113/230338", "correlationVector":"kIjXPcQybdMbXEJpNAK5nc.2","action":"GetUpdates Response", "result":"SYNCER_OK", "context":Received 2 update(s). cV=kIjXPcQybdMbXEJpNAK5nc.0;server=general0100000W;cloudType=Consumer;environment=Prod_EastUS2_000e}
{"logTime": "0115/165226", "correlationVector":"R5CgtORQFDZ+yFpNbTsWVJ.0","action":"SyncServerConnectionManagerRequest", "result":"SYNC_SERVER_OK", "context":{"environment":"", "server":""}}
{"logTime": "0115/165226", "correlationVector":"R5CgtORQFDZ+yFpNbTsWVJ.0","action":"FeedSettingFetch_homeCloud", "result":"0", "context":{}}
{"logTime": "0115/165226", "correlationVector":"Zjq6LSq/j7bfaO6WOXEBgH.1","action":"SyncServerConnectionManagerRequest", "result":"SYNC_SERVER_OK", "context":{"environment":"Prod_EastUS2_000e", "server":"general0100002E"}}
{"logTime": "0115/165226", "correlationVector":"Zjq6LSq/j7bfaO6WOXEBgH","action":"Initial GetUpdates", "result":"", "context":Reason: NEW_CLIENT. cV=Zjq6LSq/j7bfaO6WOXEBgH}
{"logTime": "0115/165226", "correlationVector":"Zjq6LSq/j7bfaO6WOXEBgH.2","action":"GetUpdates Response", "result":"SYNCER_OK", "context":Received 1 update(s). cV=Zjq6LSq/j7bfaO6WOXEBgH.0;server=general0100002E;cloudType=Consumer;environment=Prod_EastUS2_000e}
{"logTime": "0115/165226", "correlationVector":"BVqGPVq07Y49OHbA1o7zp+","action":"Normal GetUpdate request", "result":"", "context":cV=BVqGPVq07Y49OHbA1o7zp+
Nudged types: Device Info, User Consents
Refresh requested types: Device Info, User Consents, Send Tab To Self, Encryption Keys}
{"logTime": "0115/165226", "correlationVector":"BVqGPVq07Y49OHbA1o7zp+.1","action":"SyncServerConnectionManagerRequest", "result":"SYNC_SERVER_OK", "context":{"environment":"Prod_EastUS2_000e", "server":"general0100000J"}}
{"logTime": "0115/165226", "correlationVector":"BVqGPVq07Y49OHbA1o7zp+.2","action":"GetUpdates Response", "result":"SYNCER_OK", "context":Received 0 update(s). cV=BVqGPVq07Y49OHbA1o7zp+.0;server=general0100000J;cloudType=Consumer;environment=Prod_EastUS2_000e}
{"logTime": "0115/165226", "correlationVector":"qXxNHeaoLLfsG9pNl/C0xz","action":"Commit Request", "result":"", "context":Item count: 1
Contributing types: Device Info}
{"logTime": "0115/165226", "correlationVector":"qXxNHeaoLLfsG9pNl/C0xz.1","action":"SyncServerConnectionManagerRequest", "result":"SYNC_SERVER_OK", "context":{"environment":"Prod_EastUS2_000e", "server":"general01000006"}}
{"logTime": "0115/165226", "correlationVector":"qXxNHeaoLLfsG9pNl/C0xz.2","action":"Commit Response", "result":"SYNCER_OK", "context":Result: SYNCER_OK. cV=qXxNHeaoLLfsG9pNl/C0xz.0;server=general01000006;cloudType=Consumer;environment=Prod_EastUS2_000e}
{"logTime": "0115/165226", "correlationVector":"qPd1LjzKRZJLKN2QZ6eTwp","action":"Commit Request", "result":"", "context":Item count: 1
Contributing types: User Consents}
{"logTime": "0115/165226", "correlationVector":"qPd1LjzKRZJLKN2QZ6eTwp.1","action":"SyncServerConnectionManagerRequest", "result":"SYNC_SERVER_OK", "context":{"environment":"Prod_EastUS2_000e", "server":"general01000023"}}
{"logTime": "0115/165226", "correlationVector":"qPd1LjzKRZJLKN2QZ6eTwp.2","action":"Commit Response", "result":"SYNCER_OK", "context":Result: SYNCER_OK. cV=qPd1LjzKRZJLKN2QZ6eTwp.0;server=general01000023;cloudType=Consumer;environment=Prod_EastUS2_000e}
{"logTime": "0115/165226", "correlationVector":"tFpO122XGM+ybDANE+8o2d","action":"Normal GetUpdate request", "result":"", "context":cV=tFpO122XGM+ybDANE+8o2d
Nudged types: Device Info}
{"logTime": "0115/165226", "correlationVector":"tFpO122XGM+ybDANE+8o2d.1","action":"SyncServerConnectionManagerRequest", "result":"SYNC_SERVER_OK", "context":{"environment":"Prod_EastUS2_000e", "server":"general01000020"}}
{"logTime": "0115/165226", "correlationVector":"tFpO122XGM+ybDANE+8o2d.2","action":"GetUpdates Response", "result":"SYNCER_OK", "context":Received 2 update(s). cV=tFpO122XGM+ybDANE+8o2d.0;server=general01000020;cloudType=Consumer;environment=Prod_EastUS2_000e}
{"logTime": "0115/165227", "correlationVector":"eQ+9Qym8NRm5u8sexaVhQI","action":"Initial GetUpdates", "result":"", "context":Reason: RECONFIGURATION. cV=eQ+9Qym8NRm5u8sexaVhQI}
{"logTime": "0115/165227", "correlationVector":"eQ+9Qym8NRm5u8sexaVhQI.1","action":"SyncServerConnectionManagerRequest", "result":"SYNC_SERVER_OK", "context":{"environment":"Prod_EastUS2_000e", "server":"general0100002K"}}
{"logTime": "0115/165227", "correlationVector":"eQ+9Qym8NRm5u8sexaVhQI.2","action":"GetUpdates Response", "result":"SYNCER_OK", "context":Received 0 update(s). cV=eQ+9Qym8NRm5u8sexaVhQI.0;server=general0100002K;cloudType=Consumer;environment=Prod_EastUS2_000e}
{"logTime": "0115/165227", "correlationVector":"xcSeoUUPO8XGxPwbvuURD5","action":"Initial GetUpdates", "result":"", "context":Reason: RECONFIGURATION. cV=xcSeoUUPO8XGxPwbvuURD5}
{"logTime": "0115/165228", "correlationVector":"xcSeoUUPO8XGxPwbvuURD5.1","action":"SyncServerConnectionManagerRequest", "result":"SYNC_SERVER_OK", "context":{"environment":"Prod_EastUS2_000e", "server":"general01000002"}}
{"logTime": "0115/165228", "correlationVector":"xcSeoUUPO8XGxPwbvuURD5.2","action":"GetUpdates Response", "result":"SYNCER_OK", "context":Received 6 update(s). cV=xcSeoUUPO8XGxPwbvuURD5.0;server=general01000002;cloudType=Consumer;environment=Prod_EastUS2_000e}
{"logTime": "0115/165228", "correlationVector":"WIk4Uw7uLansuKsHD55VRA","action":"Initial GetUpdates", "result":"", "context":Reason: RECONFIGURATION. cV=WIk4Uw7uLansuKsHD55VRA}
{"logTime": "0115/165228", "correlationVector":"WIk4Uw7uLansuKsHD55VRA.1","action":"SyncServerConnectionManagerRequest", "result":"SYNC_SERVER_OK", "context":{"environment":"Prod_EastUS2_000e", "server":"general0100002G"}}
{"logTime": "0115/165228", "correlationVector":"WIk4Uw7uLansuKsHD55VRA.2","action":"GetUpdates Response", "result":"SYNCER_OK", "context":Received 1 update(s). cV=WIk4Uw7uLansuKsHD55VRA.0;server=general0100002G;cloudType=Consumer;environment=Prod_EastUS2_000e}
{"logTime": "0115/165228", "correlationVector":"jGwZ5e0jESo+/qoAYvu/gc","action":"Normal GetUpdate request", "result":"", "context":cV=jGwZ5e0jESo+/qoAYvu/gc
Nudged types: Preferences, Sessions, Device Info, User Consents
Refresh requested types: Bookmarks, Preferences, Passwords, Autofill Profiles, Autofill, Autofill Custom Data, Typed URLs, Extensions, Sessions, Extension settings, History Delete Directives, Device Info, User Consents, Send Tab To Self, Collection, Encryption Keys}
{"logTime": "0115/165229", "correlationVector":"jGwZ5e0jESo+/qoAYvu/gc.1","action":"SyncServerConnectionManagerRequest", "result":"SYNC_SERVER_OK", "context":{"environment":"Prod_EastUS2_000e", "server":"general0100000S"}}
{"logTime": "0115/165229", "correlationVector":"jGwZ5e0jESo+/qoAYvu/gc.2","action":"GetUpdates Response", "result":"SYNCER_OK", "context":Received 0 update(s). cV=jGwZ5e0jESo+/qoAYvu/gc.0;server=general0100000S;cloudType=Consumer;environment=Prod_EastUS2_000e}
{"logTime": "0115/165229", "correlationVector":"s84ejHaZ+i5BYOHzzpaAYp","action":"Commit Request", "result":"", "context":Item count: 1
Contributing types: Device Info}
{"logTime": "0115/165230", "correlationVector":"s84ejHaZ+i5BYOHzzpaAYp.1","action":"SyncServerConnectionManagerRequest", "result":"SYNC_SERVER_OK", "context":{"environment":"Prod_EastUS2_000e", "server":"general0100002J"}}
{"logTime": "0115/165230", "correlationVector":"s84ejHaZ+i5BYOHzzpaAYp.2","action":"Commit Response", "result":"SYNCER_OK", "context":Result: SYNCER_OK. cV=s84ejHaZ+i5BYOHzzpaAYp.0;server=general0100002J;cloudType=Consumer;environment=Prod_EastUS2_000e}
{"logTime": "0115/165230", "correlationVector":"cPggTrIf2MiG9YKlAVzSw4","action":"Commit Request", "result":"", "context":Item count: 17
Contributing types: Preferences, Sessions, User Consents}
{"logTime": "0115/165231", "correlationVector":"cPggTrIf2MiG9YKlAVzSw4.1","action":"SyncServerConnectionManagerRequest", "result":"SYNC_SERVER_OK", "context":{"environment":"Prod_EastUS2_000e", "server":"general0100000S"}}
{"logTime": "0115/165231", "correlationVector":"cPggTrIf2MiG9YKlAVzSw4.2","action":"Commit Response", "result":"SYNCER_OK", "context":Result: SYNCER_OK. cV=cPggTrIf2MiG9YKlAVzSw4.0;server=general0100000S;cloudType=Consumer;environment=Prod_EastUS2_000e}
{"logTime": "0115/165306", "correlationVector":"wbzyFWlk36pzNBk9WRD/7N","action":"Poll GetUpdate request", "result":"", "context":cV=wbzyFWlk36pzNBk9WRD/7N}
{"logTime": "0115/165306", "correlationVector":"wbzyFWlk36pzNBk9WRD/7N.1","action":"SyncServerConnectionManagerRequest", "result":"SYNC_SERVER_OK", "context":{"environment":"Prod_EastUS2_000e", "server":"general0100001K"}}
{"logTime": "0115/165306", "correlationVector":"wbzyFWlk36pzNBk9WRD/7N.2","action":"GetUpdates Response", "result":"SYNCER_OK", "context":Received 29 update(s). cV=wbzyFWlk36pzNBk9WRD/7N.0;server=general0100001K;cloudType=Consumer;environment=Prod_EastUS2_000e}
{"logTime": "0115/171038", "correlationVector":"nb7PotFw1bcpVc5h+3unwk","action":"Commit Request", "result":"", "context":Item count: 1
Contributing types: Sessions}
{"logTime": "0115/171039", "correlationVector":"nb7PotFw1bcpVc5h+3unwk.1","action":"SyncServerConnectionManagerRequest", "result":"SYNC_SERVER_OK", "context":{"environment":"Prod_EastUS2_000e", "server":"general0100001L"}}
{"logTime": "0115/171039", "correlationVector":"nb7PotFw1bcpVc5h+3unwk.2","action":"Commit Response", "result":"SYNCER_OK", "context":Result: SYNCER_OK. cV=nb7PotFw1bcpVc5h+3unwk.0;server=general0100001L;cloudType=Consumer;environment=Prod_EastUS2_000e}
{"logTime": "0115/171322", "correlationVector":"w9LV0SQsv5JfqPqBuOohb3","action":"Commit Request", "result":"", "context":Item count: 1
Contributing types: Sessions}
{"logTime": "0115/171323", "correlationVector":"w9LV0SQsv5JfqPqBuOohb3.1","action":"SyncServerConnectionManagerRequest", "result":"SYNC_SERVER_OK", "context":{"environment":"Prod_EastUS2_000e", "server":"general0100000M"}}
{"logTime": "0115/171323", "correlationVector":"w9LV0SQsv5JfqPqBuOohb3.2","action":"Commit Response", "result":"SYNCER_OK", "context":Result: SYNCER_OK. cV=w9LV0SQsv5JfqPqBuOohb3.0;server=general0100000M;cloudType=Consumer;environment=Prod_EastUS2_000e}
{"logTime": "0115/173633", "correlationVector":"gt9D4BXhb2KcLgpr6pcxQJ","action":"Commit Request", "result":"", "context":Item count: 1
Contributing types: Sessions}
{"logTime": "0115/173634", "correlationVector":"gt9D4BXhb2KcLgpr6pcxQJ.1","action":"SyncServerConnectionManagerRequest", "result":"SYNC_SERVER_OK", "context":{"environment":"Prod_EastUS2_000e", "server":"general01000025"}}
{"logTime": "0115/173634", "correlationVector":"gt9D4BXhb2KcLgpr6pcxQJ.2","action":"Commit Response", "result":"SYNCER_OK", "context":Result: SYNCER_OK. cV=gt9D4BXhb2KcLgpr6pcxQJ.0;server=general01000025;cloudType=Consumer;environment=Prod_EastUS2_000e}
